TpTrace Verbose: 0 : 30148, 1, 2022/06/12, 10:44:02.916, 2648904173768, vstest.console.dll, Version: 17.2.0-release-20220408-11 Current process architecture: X64
TpTrace Information: 0 : 30148, 1, 2022/06/12, 10:44:02.929, 2648904300172, vstest.console.dll, FilePatternParser: The given file C:\Users\Decagon\source\repos\BankTaskApp\BankAppTest\bin\Debug\net5.0\fine-code-coverage\build-output\BankAppTest.dll is a full path.
TpTrace Verbose: 0 : 30148, 1, 2022/06/12, 10:44:02.936, 2648904377313, vstest.console.dll, TestPluginCache.DiscoverTestExtensions: finding test extensions in assemblies ends with: RuntimeProvider.dll TPluginInfo: Microsoft.VisualStudio.TestPlatform.Common.ExtensionFramework.Utilities.TestRuntimePluginInformation TExtension: Microsoft.VisualStudio.TestPlatform.ObjectModel.Host.ITestRuntimeProvider
TpTrace Verbose: 0 : 30148, 1, 2022/06/12, 10:44:02.937, 2648904385492, vstest.console.dll, TestPluginCache.GetExtensionPaths: Filtered extension paths: 
TpTrace Verbose: 0 : 30148, 1, 2022/06/12, 10:44:02.937, 2648904386566, vstest.console.dll, TestPluginCache.GetExtensionPaths: Added default extension paths: C:\Program Files\dotnet\sdk\6.0.300\Extensions\DumpMinitool.exe
C:\Program Files\dotnet\sdk\6.0.300\Extensions\DumpMinitool.x86.exe
C:\Program Files\dotnet\sdk\6.0.300\Extensions\Microsoft.Diagnostics.NETCore.Client.dll
C:\Program Files\dotnet\sdk\6.0.300\Extensions\Microsoft.TestPlatform.Extensions.BlameDataCollector.dll
C:\Program Files\dotnet\sdk\6.0.300\Extensions\Microsoft.TestPlatform.Extensions.EventLogCollector.dll
C:\Program Files\dotnet\sdk\6.0.300\Extensions\Microsoft.TestPlatform.TestHostRuntimeProvider.dll
C:\Program Files\dotnet\sdk\6.0.300\Extensions\Microsoft.VisualStudio.TestPlatform.Extensions.Html.TestLogger.dll
C:\Program Files\dotnet\sdk\6.0.300\Extensions\Microsoft.VisualStudio.TestPlatform.Extensions.Trx.TestLogger.dll
TpTrace Verbose: 0 : 30148, 1, 2022/06/12, 10:44:02.937, 2648904386913, vstest.console.dll, TestPluginCache.GetExtensionPaths: Added unfilterableExtensionPaths: 
TpTrace Information: 0 : 30148, 1, 2022/06/12, 10:44:02.938, 2648904394542, vstest.console.dll, AssemblyResolver.ctor: Creating AssemblyResolver with searchDirectories C:\Program Files\dotnet\sdk\6.0.300\Extensions,C:\Program Files\dotnet\sdk\6.0.300
TpTrace Verbose: 0 : 30148, 1, 2022/06/12, 10:44:02.940, 2648904412076, vstest.console.dll, TestPluginCache.DiscoverTestExtensions: Discovering the extensions using extension path.
TpTrace Verbose: 0 : 30148, 1, 2022/06/12, 10:44:02.940, 2648904415430, vstest.console.dll, TestPluginCache.GetExtensionPaths: Filtered extension paths: 
TpTrace Verbose: 0 : 30148, 1, 2022/06/12, 10:44:02.940, 2648904416745, vstest.console.dll, TestPluginCache.GetExtensionPaths: Added default extension paths: C:\Program Files\dotnet\sdk\6.0.300\Extensions\DumpMinitool.exe
C:\Program Files\dotnet\sdk\6.0.300\Extensions\DumpMinitool.x86.exe
C:\Program Files\dotnet\sdk\6.0.300\Extensions\Microsoft.Diagnostics.NETCore.Client.dll
C:\Program Files\dotnet\sdk\6.0.300\Extensions\Microsoft.TestPlatform.Extensions.BlameDataCollector.dll
C:\Program Files\dotnet\sdk\6.0.300\Extensions\Microsoft.TestPlatform.Extensions.EventLogCollector.dll
C:\Program Files\dotnet\sdk\6.0.300\Extensions\Microsoft.TestPlatform.TestHostRuntimeProvider.dll
C:\Program Files\dotnet\sdk\6.0.300\Extensions\Microsoft.VisualStudio.TestPlatform.Extensions.Html.TestLogger.dll
C:\Program Files\dotnet\sdk\6.0.300\Extensions\Microsoft.VisualStudio.TestPlatform.Extensions.Trx.TestLogger.dll
TpTrace Verbose: 0 : 30148, 1, 2022/06/12, 10:44:02.940, 2648904417280, vstest.console.dll, TestPluginCache.GetExtensionPaths: Added unfilterableExtensionPaths: 
TpTrace Verbose: 0 : 30148, 1, 2022/06/12, 10:44:02.941, 2648904421249, vstest.console.dll, TestPluginCache.DiscoverTestExtensions: Discovering the extensions using allExtensionPaths: C:\Program Files\dotnet\sdk\6.0.300\Extensions\DumpMinitool.exe
C:\Program Files\dotnet\sdk\6.0.300\Extensions\DumpMinitool.x86.exe
C:\Program Files\dotnet\sdk\6.0.300\Extensions\Microsoft.Diagnostics.NETCore.Client.dll
C:\Program Files\dotnet\sdk\6.0.300\Extensions\Microsoft.TestPlatform.Extensions.BlameDataCollector.dll
C:\Program Files\dotnet\sdk\6.0.300\Extensions\Microsoft.TestPlatform.Extensions.EventLogCollector.dll
C:\Program Files\dotnet\sdk\6.0.300\Extensions\Microsoft.TestPlatform.TestHostRuntimeProvider.dll
C:\Program Files\dotnet\sdk\6.0.300\Extensions\Microsoft.VisualStudio.TestPlatform.Extensions.Html.TestLogger.dll
C:\Program Files\dotnet\sdk\6.0.300\Extensions\Microsoft.VisualStudio.TestPlatform.Extensions.Trx.TestLogger.dll
TpTrace Information: 0 : 30148, 1, 2022/06/12, 10:44:02.941, 2648904426365, vstest.console.dll, AssemblyResolver.AddSearchDirectories: Adding more searchDirectories C:\Program Files\dotnet\sdk\6.0.300\Extensions,C:\Program Files\dotnet\sdk\6.0.300
TpTrace Information: 0 : 30148, 1, 2022/06/12, 10:44:02.941, 2648904427675, vstest.console.dll, AssemblyResolver.AddSearchDirectories: Adding more searchDirectories C:\Program Files\dotnet\sdk\6.0.300\Extensions,C:\Program Files\dotnet\sdk\6.0.300
TpTrace Information: 0 : 30148, 1, 2022/06/12, 10:44:02.941, 2648904428197, vstest.console.dll, AssemblyResolver.AddSearchDirectories: Adding more searchDirectories C:\Program Files\dotnet\sdk\6.0.300\Extensions,C:\Program Files\dotnet\sdk\6.0.300
TpTrace Information: 0 : 30148, 1, 2022/06/12, 10:44:02.942, 2648904428657, vstest.console.dll, AssemblyResolver.AddSearchDirectories: Adding more searchDirectories C:\Program Files\dotnet\sdk\6.0.300\Extensions,C:\Program Files\dotnet\sdk\6.0.300
TpTrace Information: 0 : 30148, 1, 2022/06/12, 10:44:02.942, 2648904429059, vstest.console.dll, AssemblyResolver.AddSearchDirectories: Adding more searchDirectories C:\Program Files\dotnet\sdk\6.0.300\Extensions,C:\Program Files\dotnet\sdk\6.0.300
TpTrace Information: 0 : 30148, 1, 2022/06/12, 10:44:02.942, 2648904429429, vstest.console.dll, AssemblyResolver.AddSearchDirectories: Adding more searchDirectories C:\Program Files\dotnet\sdk\6.0.300\Extensions,C:\Program Files\dotnet\sdk\6.0.300
TpTrace Information: 0 : 30148, 1, 2022/06/12, 10:44:02.942, 2648904429835, vstest.console.dll, AssemblyResolver.AddSearchDirectories: Adding more searchDirectories C:\Program Files\dotnet\sdk\6.0.300\Extensions,C:\Program Files\dotnet\sdk\6.0.300
TpTrace Information: 0 : 30148, 1, 2022/06/12, 10:44:02.942, 2648904430259, vstest.console.dll, AssemblyResolver.AddSearchDirectories: Adding more searchDirectories C:\Program Files\dotnet\sdk\6.0.300\Extensions,C:\Program Files\dotnet\sdk\6.0.300
TpTrace Information: 0 : 30148, 1, 2022/06/12, 10:44:02.942, 2648904436581, vstest.console.dll, AssemblyResolver.OnResolve: DumpMinitool: Resolving assembly.
TpTrace Information: 0 : 30148, 1, 2022/06/12, 10:44:02.942, 2648904437923, vstest.console.dll, AssemblyResolver.OnResolve: DumpMinitool: Searching in: 'C:\Program Files\dotnet\sdk\6.0.300\Extensions'.
TpTrace Information: 0 : 30148, 1, 2022/06/12, 10:44:02.943, 2648904439550, vstest.console.dll, AssemblyResolver.OnResolve: DumpMinitool: Assembly path does not exist: 'C:\Program Files\dotnet\sdk\6.0.300\Extensions\DumpMinitool.dll', returning.
TpTrace Information: 0 : 30148, 1, 2022/06/12, 10:44:02.944, 2648904448945, vstest.console.dll, AssemblyResolver.OnResolve: DumpMinitool: Loading assembly 'C:\Program Files\dotnet\sdk\6.0.300\Extensions\DumpMinitool.exe'.
TpTrace Information: 0 : 30148, 1, 2022/06/12, 10:44:02.945, 2648904459754, vstest.console.dll, AssemblyResolver.OnResolve: Resolved assembly: DumpMinitool, from path: C:\Program Files\dotnet\sdk\6.0.300\Extensions\DumpMinitool.exe
TpTrace Verbose: 0 : 30148, 1, 2022/06/12, 10:44:02.951, 2648904520505, vstest.console.dll, MetadataReaderExtensionsHelper: Discovering extensions inside assembly 'DumpMinitool, Version=15.0.0.0, Culture=neutral, PublicKeyToken=b03f5f7f11d50a3a' file path 'C:\Program Files\dotnet\sdk\6.0.300\Extensions\DumpMinitool.exe'
TpTrace Information: 0 : 30148, 1, 2022/06/12, 10:44:02.961, 2648904619039, vstest.console.dll, AssemblyResolver.OnResolve: DumpMinitool.x86: Resolving assembly.
TpTrace Information: 0 : 30148, 1, 2022/06/12, 10:44:02.961, 2648904622180, vstest.console.dll, AssemblyResolver.OnResolve: DumpMinitool.x86: Searching in: 'C:\Program Files\dotnet\sdk\6.0.300\Extensions'.
TpTrace Information: 0 : 30148, 1, 2022/06/12, 10:44:02.961, 2648904623725, vstest.console.dll, AssemblyResolver.OnResolve: DumpMinitool.x86: Assembly path does not exist: 'C:\Program Files\dotnet\sdk\6.0.300\Extensions\DumpMinitool.x86.dll', returning.
TpTrace Information: 0 : 30148, 1, 2022/06/12, 10:44:02.962, 2648904631657, vstest.console.dll, AssemblyResolver.OnResolve: DumpMinitool.x86: Loading assembly 'C:\Program Files\dotnet\sdk\6.0.300\Extensions\DumpMinitool.x86.exe'.
TpTrace Information: 0 : 30148, 1, 2022/06/12, 10:44:02.962, 2648904638315, vstest.console.dll, AssemblyResolver.OnResolve: Resolved assembly: DumpMinitool.x86, from path: C:\Program Files\dotnet\sdk\6.0.300\Extensions\DumpMinitool.x86.exe
TpTrace Verbose: 0 : 30148, 1, 2022/06/12, 10:44:02.963, 2648904639281, vstest.console.dll, MetadataReaderExtensionsHelper: Discovering extensions inside assembly 'DumpMinitool.x86, Version=15.0.0.0, Culture=neutral, PublicKeyToken=b03f5f7f11d50a3a' file path 'C:\Program Files\dotnet\sdk\6.0.300\Extensions\DumpMinitool.x86.exe'
TpTrace Information: 0 : 30148, 1, 2022/06/12, 10:44:02.963, 2648904647636, vstest.console.dll, AssemblyResolver.OnResolve: Microsoft.Diagnostics.NETCore.Client: Resolving assembly.
TpTrace Information: 0 : 30148, 1, 2022/06/12, 10:44:02.964, 2648904648466, vstest.console.dll, AssemblyResolver.OnResolve: Microsoft.Diagnostics.NETCore.Client: Searching in: 'C:\Program Files\dotnet\sdk\6.0.300\Extensions'.
TpTrace Information: 0 : 30148, 1, 2022/06/12, 10:44:02.964, 2648904653353, vstest.console.dll, AssemblyResolver.OnResolve: Microsoft.Diagnostics.NETCore.Client: Loading assembly 'C:\Program Files\dotnet\sdk\6.0.300\Extensions\Microsoft.Diagnostics.NETCore.Client.dll'.
TpTrace Information: 0 : 30148, 1, 2022/06/12, 10:44:02.965, 2648904658795, vstest.console.dll, AssemblyResolver.OnResolve: Resolved assembly: Microsoft.Diagnostics.NETCore.Client, from path: C:\Program Files\dotnet\sdk\6.0.300\Extensions\Microsoft.Diagnostics.NETCore.Client.dll
TpTrace Verbose: 0 : 30148, 1, 2022/06/12, 10:44:02.965, 2648904659622, vstest.console.dll, MetadataReaderExtensionsHelper: Discovering extensions inside assembly 'Microsoft.Diagnostics.NETCore.Client, Version=0.2.5.801, Culture=neutral, PublicKeyToken=31bf3856ad364e35' file path 'C:\Program Files\dotnet\sdk\6.0.300\Extensions\Microsoft.Diagnostics.NETCore.Client.dll'
TpTrace Information: 0 : 30148, 1, 2022/06/12, 10:44:02.973, 2648904739001, vstest.console.dll, AssemblyResolver.OnResolve: Microsoft.Bcl.AsyncInterfaces: Resolving assembly.
TpTrace Information: 0 : 30148, 1, 2022/06/12, 10:44:02.973, 2648904740855, vstest.console.dll, AssemblyResolver.OnResolve: Microsoft.Bcl.AsyncInterfaces: Searching in: 'C:\Program Files\dotnet\sdk\6.0.300\Extensions'.
TpTrace Information: 0 : 30148, 1, 2022/06/12, 10:44:02.973, 2648904742272, vstest.console.dll, AssemblyResolver.OnResolve: Microsoft.Bcl.AsyncInterfaces: Assembly path does not exist: 'C:\Program Files\dotnet\sdk\6.0.300\Extensions\Microsoft.Bcl.AsyncInterfaces.dll', returning.
TpTrace Information: 0 : 30148, 1, 2022/06/12, 10:44:02.973, 2648904743564, vstest.console.dll, AssemblyResolver.OnResolve: Microsoft.Bcl.AsyncInterfaces: Assembly path does not exist: 'C:\Program Files\dotnet\sdk\6.0.300\Extensions\Microsoft.Bcl.AsyncInterfaces.exe', returning.
TpTrace Information: 0 : 30148, 1, 2022/06/12, 10:44:02.973, 2648904745209, vstest.console.dll, AssemblyResolver.OnResolve: Microsoft.Bcl.AsyncInterfaces: Searching in: 'C:\Program Files\dotnet\sdk\6.0.300'.
TpTrace Information: 0 : 30148, 1, 2022/06/12, 10:44:02.973, 2648904746110, vstest.console.dll, AssemblyResolver.OnResolve: Microsoft.Bcl.AsyncInterfaces: Assembly path does not exist: 'C:\Program Files\dotnet\sdk\6.0.300\Microsoft.Bcl.AsyncInterfaces.dll', returning.
TpTrace Information: 0 : 30148, 1, 2022/06/12, 10:44:02.973, 2648904746686, vstest.console.dll, AssemblyResolver.OnResolve: Microsoft.Bcl.AsyncInterfaces: Assembly path does not exist: 'C:\Program Files\dotnet\sdk\6.0.300\Microsoft.Bcl.AsyncInterfaces.exe', returning.
TpTrace Information: 0 : 30148, 1, 2022/06/12, 10:44:02.973, 2648904747478, vstest.console.dll, AssemblyResolver.OnResolve: Microsoft.Bcl.AsyncInterfaces: Failed to load assembly.
TpTrace Verbose: 0 : 30148, 1, 2022/06/12, 10:44:02.974, 2648904748984, vstest.console.dll, CurrentDomainAssemblyResolve: Resolving assembly 'Microsoft.Bcl.AsyncInterfaces'.
TpTrace Information: 0 : 30148, 1, 2022/06/12, 10:44:02.974, 2648904750470, vstest.console.dll, AssemblyResolver.OnResolve: Microsoft.Bcl.AsyncInterfaces: Resolving assembly.
TpTrace Information: 0 : 30148, 1, 2022/06/12, 10:44:02.975, 2648904761363, vstest.console.dll, AssemblyResolver.OnResolve: Microsoft.Bcl.AsyncInterfaces: Resolved from cache.
TpTrace Verbose: 0 : 30148, 1, 2022/06/12, 10:44:02.975, 2648904762155, vstest.console.dll, CurrentDomainAssemblyResolve: Resolving assembly 'Microsoft.Bcl.AsyncInterfaces'.
TpTrace Verbose: 0 : 30148, 1, 2022/06/12, 10:44:02.975, 2648904762824, vstest.console.dll, CurrentDomainAssemblyResolve: Failed to resolve assembly 'Microsoft.Bcl.AsyncInterfaces'.
TpTrace Verbose: 0 : 30148, 1, 2022/06/12, 10:44:02.975, 2648904767475, vstest.console.dll, CurrentDomainAssemblyResolve: Failed to resolve assembly 'Microsoft.Bcl.AsyncInterfaces'.
TpTrace Warning: 0 : 30148, 1, 2022/06/12, 10:44:02.988, 2648904895509, vstest.console.dll, TestPluginDiscoverer: Failed to get types from assembly 'Microsoft.Diagnostics.NETCore.Client, Version=0.2.5.801, Culture=neutral, PublicKeyToken=31bf3856ad364e35'. Error: System.Reflection.ReflectionTypeLoadException: Unable to load one or more of the requested types.
Could not load file or assembly 'Microsoft.Bcl.AsyncInterfaces, Version=1.0.0.0, Culture=neutral, PublicKeyToken=cc7b13ffcd2ddd51'. The system cannot find the file specified.
   at System.Reflection.RuntimeModule.GetTypes(RuntimeModule module)
   at System.Reflection.Assembly.GetTypes()
   at Microsoft.VisualStudio.TestPlatform.Common.ExtensionFramework.TestPluginDiscoverer.GetTestExtensionsFromAssembly[TPluginInfo,TExtension](Assembly assembly, Dictionary`2 pluginInfos, String filePath)
System.IO.FileNotFoundException: Could not load file or assembly 'Microsoft.Bcl.AsyncInterfaces, Version=1.0.0.0, Culture=neutral, PublicKeyToken=cc7b13ffcd2ddd51'. The system cannot find the file specified.
File name: 'Microsoft.Bcl.AsyncInterfaces, Version=1.0.0.0, Culture=neutral, PublicKeyToken=cc7b13ffcd2ddd51'
 ---> System.IO.FileNotFoundException: Could not load file or assembly 'Microsoft.Bcl.AsyncInterfaces, Culture=neutral, PublicKeyToken=null'. The system cannot find the file specified.
File name: 'Microsoft.Bcl.AsyncInterfaces, Culture=neutral, PublicKeyToken=null'
   at System.Reflection.RuntimeAssembly.InternalLoad(ObjectHandleOnStack assemblyName, ObjectHandleOnStack requestingAssembly, StackCrawlMarkHandle stackMark, Boolean throwOnFileNotFound, ObjectHandleOnStack assemblyLoadContext, ObjectHandleOnStack retAssembly)
   at System.Reflection.RuntimeAssembly.InternalLoad(AssemblyName assemblyName, RuntimeAssembly requestingAssembly, StackCrawlMark& stackMark, Boolean throwOnFileNotFound, AssemblyLoadContext assemblyLoadContext)
   at System.Reflection.Assembly.Load(AssemblyName assemblyRef)
   at Microsoft.VisualStudio.TestPlatform.Common.ExtensionFramework.TestPluginCache.CurrentDomainAssemblyResolve(Object sender, AssemblyResolveEventArgs args)
   at Microsoft.VisualStudio.TestPlatform.PlatformAbstractions.PlatformAssemblyResolver.AssemblyResolverEvent(Object sender, Object eventArgs)
   at System.Runtime.Loader.AssemblyLoadContext.GetFirstResolvedAssemblyFromResolvingEvent(AssemblyName assemblyName)
   at System.Runtime.Loader.AssemblyLoadContext.ResolveUsingEvent(AssemblyName assemblyName)
   at System.Runtime.Loader.AssemblyLoadContext.ResolveUsingResolvingEvent(IntPtr gchManagedAssemblyLoadContext, AssemblyName assemblyName)
TpTrace Warning: 0 : 30148, 1, 2022/06/12, 10:44:02.989, 2648904899439, vstest.console.dll, LoaderExceptions: System.IO.FileNotFoundException: Could not load file or assembly 'Microsoft.Bcl.AsyncInterfaces, Version=1.0.0.0, Culture=neutral, PublicKeyToken=cc7b13ffcd2ddd51'. The system cannot find the file specified.
File name: 'Microsoft.Bcl.AsyncInterfaces, Version=1.0.0.0, Culture=neutral, PublicKeyToken=cc7b13ffcd2ddd51'
 ---> System.IO.FileNotFoundException: Could not load file or assembly 'Microsoft.Bcl.AsyncInterfaces, Culture=neutral, PublicKeyToken=null'. The system cannot find the file specified.
File name: 'Microsoft.Bcl.AsyncInterfaces, Culture=neutral, PublicKeyToken=null'
   at System.Reflection.RuntimeAssembly.InternalLoad(ObjectHandleOnStack assemblyName, ObjectHandleOnStack requestingAssembly, StackCrawlMarkHandle stackMark, Boolean throwOnFileNotFound, ObjectHandleOnStack assemblyLoadContext, ObjectHandleOnStack retAssembly)
   at System.Reflection.RuntimeAssembly.InternalLoad(AssemblyName assemblyName, RuntimeAssembly requestingAssembly, StackCrawlMark& stackMark, Boolean throwOnFileNotFound, AssemblyLoadContext assemblyLoadContext)
   at System.Reflection.Assembly.Load(AssemblyName assemblyRef)
   at Microsoft.VisualStudio.TestPlatform.Common.ExtensionFramework.TestPluginCache.CurrentDomainAssemblyResolve(Object sender, AssemblyResolveEventArgs args)
   at Microsoft.VisualStudio.TestPlatform.PlatformAbstractions.PlatformAssemblyResolver.AssemblyResolverEvent(Object sender, Object eventArgs)
   at System.Runtime.Loader.AssemblyLoadContext.GetFirstResolvedAssemblyFromResolvingEvent(AssemblyName assemblyName)
   at System.Runtime.Loader.AssemblyLoadContext.ResolveUsingEvent(AssemblyName assemblyName)
   at System.Runtime.Loader.AssemblyLoadContext.ResolveUsingResolvingEvent(IntPtr gchManagedAssemblyLoadContext, AssemblyName assemblyName)
TpTrace Information: 0 : 30148, 1, 2022/06/12, 10:44:02.989, 2648904901557, vstest.console.dll, AssemblyResolver.OnResolve: Microsoft.TestPlatform.Extensions.BlameDataCollector: Resolving assembly.
TpTrace Information: 0 : 30148, 1, 2022/06/12, 10:44:02.989, 2648904902639, vstest.console.dll, AssemblyResolver.OnResolve: Microsoft.TestPlatform.Extensions.BlameDataCollector: Searching in: 'C:\Program Files\dotnet\sdk\6.0.300\Extensions'.
TpTrace Information: 0 : 30148, 1, 2022/06/12, 10:44:02.990, 2648904916446, vstest.console.dll, AssemblyResolver.OnResolve: Microsoft.TestPlatform.Extensions.BlameDataCollector: Loading assembly 'C:\Program Files\dotnet\sdk\6.0.300\Extensions\Microsoft.TestPlatform.Extensions.BlameDataCollector.dll'.
TpTrace Information: 0 : 30148, 1, 2022/06/12, 10:44:02.991, 2648904928108, vstest.console.dll, AssemblyResolver.OnResolve: Resolved assembly: Microsoft.TestPlatform.Extensions.BlameDataCollector, from path: C:\Program Files\dotnet\sdk\6.0.300\Extensions\Microsoft.TestPlatform.Extensions.BlameDataCollector.dll
TpTrace Verbose: 0 : 30148, 1, 2022/06/12, 10:44:02.992, 2648904930158, vstest.console.dll, MetadataReaderExtensionsHelper: Discovering extensions inside assembly 'Microsoft.TestPlatform.Extensions.BlameDataCollector, Version=15.0.0.0, Culture=neutral, PublicKeyToken=b03f5f7f11d50a3a' file path 'C:\Program Files\dotnet\sdk\6.0.300\Extensions\Microsoft.TestPlatform.Extensions.BlameDataCollector.dll'
TpTrace Information: 0 : 30148, 1, 2022/06/12, 10:44:02.994, 2648904951746, vstest.console.dll, AssemblyResolver.OnResolve: Microsoft.TestPlatform.Extensions.EventLogCollector: Resolving assembly.
TpTrace Information: 0 : 30148, 1, 2022/06/12, 10:44:02.994, 2648904953206, vstest.console.dll, AssemblyResolver.OnResolve: Microsoft.TestPlatform.Extensions.EventLogCollector: Searching in: 'C:\Program Files\dotnet\sdk\6.0.300\Extensions'.
TpTrace Information: 0 : 30148, 1, 2022/06/12, 10:44:02.995, 2648904961154, vstest.console.dll, AssemblyResolver.OnResolve: Microsoft.TestPlatform.Extensions.EventLogCollector: Loading assembly 'C:\Program Files\dotnet\sdk\6.0.300\Extensions\Microsoft.TestPlatform.Extensions.EventLogCollector.dll'.
TpTrace Information: 0 : 30148, 1, 2022/06/12, 10:44:02.995, 2648904966585, vstest.console.dll, AssemblyResolver.OnResolve: Resolved assembly: Microsoft.TestPlatform.Extensions.EventLogCollector, from path: C:\Program Files\dotnet\sdk\6.0.300\Extensions\Microsoft.TestPlatform.Extensions.EventLogCollector.dll
TpTrace Verbose: 0 : 30148, 1, 2022/06/12, 10:44:02.995, 2648904967665, vstest.console.dll, MetadataReaderExtensionsHelper: Discovering extensions inside assembly 'Microsoft.TestPlatform.Extensions.EventLogCollector, Version=15.0.0.0, Culture=neutral, PublicKeyToken=b03f5f7f11d50a3a' file path 'C:\Program Files\dotnet\sdk\6.0.300\Extensions\Microsoft.TestPlatform.Extensions.EventLogCollector.dll'
TpTrace Information: 0 : 30148, 1, 2022/06/12, 10:44:02.998, 2648904989419, vstest.console.dll, AssemblyResolver.OnResolve: Microsoft.TestPlatform.TestHostRuntimeProvider: Resolving assembly.
TpTrace Information: 0 : 30148, 1, 2022/06/12, 10:44:02.998, 2648904990566, vstest.console.dll, AssemblyResolver.OnResolve: Microsoft.TestPlatform.TestHostRuntimeProvider: Searching in: 'C:\Program Files\dotnet\sdk\6.0.300\Extensions'.
TpTrace Information: 0 : 30148, 1, 2022/06/12, 10:44:02.998, 2648904995100, vstest.console.dll, AssemblyResolver.OnResolve: Microsoft.TestPlatform.TestHostRuntimeProvider: Loading assembly 'C:\Program Files\dotnet\sdk\6.0.300\Extensions\Microsoft.TestPlatform.TestHostRuntimeProvider.dll'.
TpTrace Information: 0 : 30148, 1, 2022/06/12, 10:44:02.999, 2648905000538, vstest.console.dll, AssemblyResolver.OnResolve: Resolved assembly: Microsoft.TestPlatform.TestHostRuntimeProvider, from path: C:\Program Files\dotnet\sdk\6.0.300\Extensions\Microsoft.TestPlatform.TestHostRuntimeProvider.dll
TpTrace Verbose: 0 : 30148, 1, 2022/06/12, 10:44:02.999, 2648905001459, vstest.console.dll, MetadataReaderExtensionsHelper: Discovering extensions inside assembly 'Microsoft.TestPlatform.TestHostRuntimeProvider, Version=15.0.0.0, Culture=neutral, PublicKeyToken=b03f5f7f11d50a3a' file path 'C:\Program Files\dotnet\sdk\6.0.300\Extensions\Microsoft.TestPlatform.TestHostRuntimeProvider.dll'
TpTrace Information: 0 : 30148, 1, 2022/06/12, 10:44:03.001, 2648905024045, vstest.console.dll, GetTestExtensionFromType: Register extension with identifier data 'HostProvider://DefaultTestHost' and type 'Microsoft.VisualStudio.TestPlatform.CrossPlatEngine.Hosting.DefaultTestHostManager, Microsoft.TestPlatform.TestHostRuntimeProvider, Version=15.0.0.0, Culture=neutral, PublicKeyToken=b03f5f7f11d50a3a' inside file 'C:\Program Files\dotnet\sdk\6.0.300\Extensions\Microsoft.TestPlatform.TestHostRuntimeProvider.dll'
TpTrace Information: 0 : 30148, 1, 2022/06/12, 10:44:03.001, 2648905025383, vstest.console.dll, GetTestExtensionFromType: Register extension with identifier data 'HostProvider://DotnetTestHost' and type 'Microsoft.VisualStudio.TestPlatform.CrossPlatEngine.Hosting.DotnetTestHostManager, Microsoft.TestPlatform.TestHostRuntimeProvider, Version=15.0.0.0, Culture=neutral, PublicKeyToken=b03f5f7f11d50a3a' inside file 'C:\Program Files\dotnet\sdk\6.0.300\Extensions\Microsoft.TestPlatform.TestHostRuntimeProvider.dll'
TpTrace Information: 0 : 30148, 1, 2022/06/12, 10:44:03.001, 2648905026224, vstest.console.dll, AssemblyResolver.OnResolve: Microsoft.VisualStudio.TestPlatform.Extensions.Html.TestLogger: Resolving assembly.
TpTrace Information: 0 : 30148, 1, 2022/06/12, 10:44:03.001, 2648905026649, vstest.console.dll, AssemblyResolver.OnResolve: Microsoft.VisualStudio.TestPlatform.Extensions.Html.TestLogger: Searching in: 'C:\Program Files\dotnet\sdk\6.0.300\Extensions'.
TpTrace Information: 0 : 30148, 1, 2022/06/12, 10:44:03.002, 2648905035697, vstest.console.dll, AssemblyResolver.OnResolve: Microsoft.VisualStudio.TestPlatform.Extensions.Html.TestLogger: Loading assembly 'C:\Program Files\dotnet\sdk\6.0.300\Extensions\Microsoft.VisualStudio.TestPlatform.Extensions.Html.TestLogger.dll'.
TpTrace Information: 0 : 30148, 1, 2022/06/12, 10:44:03.003, 2648905042994, vstest.console.dll, AssemblyResolver.OnResolve: Resolved assembly: Microsoft.VisualStudio.TestPlatform.Extensions.Html.TestLogger, from path: C:\Program Files\dotnet\sdk\6.0.300\Extensions\Microsoft.VisualStudio.TestPlatform.Extensions.Html.TestLogger.dll
TpTrace Verbose: 0 : 30148, 1, 2022/06/12, 10:44:03.003, 2648905044188, vstest.console.dll, MetadataReaderExtensionsHelper: Discovering extensions inside assembly 'Microsoft.VisualStudio.TestPlatform.Extensions.Html.TestLogger, Version=15.0.0.0, Culture=neutral, PublicKeyToken=b03f5f7f11d50a3a' file path 'C:\Program Files\dotnet\sdk\6.0.300\Extensions\Microsoft.VisualStudio.TestPlatform.Extensions.Html.TestLogger.dll'
TpTrace Information: 0 : 30148, 1, 2022/06/12, 10:44:03.004, 2648905057147, vstest.console.dll, AssemblyResolver.OnResolve: Microsoft.VisualStudio.TestPlatform.Extensions.Trx.TestLogger: Resolving assembly.
TpTrace Information: 0 : 30148, 1, 2022/06/12, 10:44:03.004, 2648905057966, vstest.console.dll, AssemblyResolver.OnResolve: Microsoft.VisualStudio.TestPlatform.Extensions.Trx.TestLogger: Searching in: 'C:\Program Files\dotnet\sdk\6.0.300\Extensions'.
TpTrace Information: 0 : 30148, 1, 2022/06/12, 10:44:03.005, 2648905066186, vstest.console.dll, AssemblyResolver.OnResolve: Microsoft.VisualStudio.TestPlatform.Extensions.Trx.TestLogger: Loading assembly 'C:\Program Files\dotnet\sdk\6.0.300\Extensions\Microsoft.VisualStudio.TestPlatform.Extensions.Trx.TestLogger.dll'.
TpTrace Information: 0 : 30148, 1, 2022/06/12, 10:44:03.007, 2648905081501, vstest.console.dll, AssemblyResolver.OnResolve: Resolved assembly: Microsoft.VisualStudio.TestPlatform.Extensions.Trx.TestLogger, from path: C:\Program Files\dotnet\sdk\6.0.300\Extensions\Microsoft.VisualStudio.TestPlatform.Extensions.Trx.TestLogger.dll
TpTrace Verbose: 0 : 30148, 1, 2022/06/12, 10:44:03.007, 2648905088156, vstest.console.dll, MetadataReaderExtensionsHelper: Discovering extensions inside assembly 'Microsoft.VisualStudio.TestPlatform.Extensions.Trx.TestLogger, Version=15.0.0.0, Culture=neutral, PublicKeyToken=b03f5f7f11d50a3a' file path 'C:\Program Files\dotnet\sdk\6.0.300\Extensions\Microsoft.VisualStudio.TestPlatform.Extensions.Trx.TestLogger.dll'
TpTrace Verbose: 0 : 30148, 1, 2022/06/12, 10:44:03.009, 2648905106135, vstest.console.dll, TestPluginCache: Discovered the extensions using extension path ''.
TpTrace Verbose: 0 : 30148, 1, 2022/06/12, 10:44:03.009, 2648905107596, vstest.console.dll, TestPluginCache: Discoverers are ''.
TpTrace Verbose: 0 : 30148, 1, 2022/06/12, 10:44:03.009, 2648905107972, vstest.console.dll, TestPluginCache: Executors are ''.
TpTrace Verbose: 0 : 30148, 1, 2022/06/12, 10:44:03.009, 2648905108232, vstest.console.dll, TestPluginCache: Executors2 are ''.
TpTrace Verbose: 0 : 30148, 1, 2022/06/12, 10:44:03.010, 2648905108480, vstest.console.dll, TestPluginCache: Setting providers are ''.
TpTrace Verbose: 0 : 30148, 1, 2022/06/12, 10:44:03.010, 2648905108734, vstest.console.dll, TestPluginCache: Loggers are ''.
TpTrace Verbose: 0 : 30148, 1, 2022/06/12, 10:44:03.010, 2648905111300, vstest.console.dll, TestPluginCache: TestHosts are 'HostProvider://DefaultTestHost,HostProvider://DotnetTestHost'.
TpTrace Verbose: 0 : 30148, 1, 2022/06/12, 10:44:03.010, 2648905111792, vstest.console.dll, TestPluginCache: DataCollectors are ''.
TpTrace Information: 0 : 30148, 1, 2022/06/12, 10:44:03.027, 2648905281980, vstest.console.dll, RunTestsArgumentProcessor:Execute: Test run is starting.
TpTrace Verbose: 0 : 30148, 1, 2022/06/12, 10:44:03.027, 2648905283156, vstest.console.dll, RunTestsArgumentProcessor:Execute: Queuing Test run.
TpTrace Information: 0 : 30148, 1, 2022/06/12, 10:44:03.027, 2648905285890, vstest.console.dll, TestRequestManager.RunTests: run tests started.
TpTrace Information: 0 : 30148, 1, 2022/06/12, 10:44:03.030, 2648905312093, vstest.console.dll, AssemblyMetadataProvider.GetFrameWork: Determined framework:'.NETCoreApp,Version=v5.0' for source: 'C:\Users\Decagon\source\repos\BankTaskApp\BankAppTest\bin\Debug\net5.0\fine-code-coverage\build-output\BankAppTest.dll'
TpTrace Information: 0 : 30148, 1, 2022/06/12, 10:44:03.030, 2648905314293, vstest.console.dll, Determined framework for all sources: .NETCoreApp,Version=v5.0
TpTrace Verbose: 0 : 30148, 1, 2022/06/12, 10:44:03.031, 2648905319532, vstest.console.dll, TestRequestManager.UpdateRunSettingsIfRequired: Default architecture: X64 IsDefaultTargetArchitecture: True, Current process architecture: X64 OperatingSystem: Windows.
TpTrace Information: 0 : 30148, 1, 2022/06/12, 10:44:03.031, 2648905323388, vstest.console.dll, AssemblyMetadataProvider.GetArchitecture: Determined architecture:AnyCPU info for assembly: C:\Users\Decagon\source\repos\BankTaskApp\BankAppTest\bin\Debug\net5.0\fine-code-coverage\build-output\BankAppTest.dll
TpTrace Information: 0 : 30148, 1, 2022/06/12, 10:44:03.031, 2648905324025, vstest.console.dll, Determined platform for source 'C:\Users\Decagon\source\repos\BankTaskApp\BankAppTest\bin\Debug\net5.0\fine-code-coverage\build-output\BankAppTest.dll' is 'AnyCPU'
TpTrace Information: 0 : 30148, 1, 2022/06/12, 10:44:03.034, 2648905349660, vstest.console.dll, Determined platform for all sources: X64
TpTrace Information: 0 : 30148, 1, 2022/06/12, 10:44:03.034, 2648905350676, vstest.console.dll, Infered platform 'X64'.
TpTrace Information: 0 : 30148, 1, 2022/06/12, 10:44:03.034, 2648905351057, vstest.console.dll, Platform update to 'X64' required.
TpTrace Information: 0 : 30148, 1, 2022/06/12, 10:44:03.038, 2648905391038, vstest.console.dll, Compatible sources list: 
TpTrace Information: 0 : 30148, 1, 2022/06/12, 10:44:03.038, 2648905393019, vstest.console.dll, C:\Users\Decagon\source\repos\BankTaskApp\BankAppTest\bin\Debug\net5.0\fine-code-coverage\build-output\BankAppTest.dll
TpTrace Information: 0 : 30148, 1, 2022/06/12, 10:44:03.042, 2648905432300, vstest.console.dll, InferRunSettingsHelper.IsTestSettingsEnabled: Unable to navigate to RunSettings/MSTest. Current node: RunSettings
TpTrace Information: 0 : 30148, 1, 2022/06/12, 10:44:03.043, 2648905442641, vstest.console.dll, AssemblyResolver.OnResolve: Microsoft.VisualStudio.TestPlatform.Fakes: Resolving assembly.
TpTrace Information: 0 : 30148, 1, 2022/06/12, 10:44:03.043, 2648905443571, vstest.console.dll, AssemblyResolver.OnResolve: Microsoft.VisualStudio.TestPlatform.Fakes: Searching in: 'C:\Program Files\dotnet\sdk\6.0.300\Extensions'.
TpTrace Information: 0 : 30148, 1, 2022/06/12, 10:44:03.043, 2648905444668, vstest.console.dll, AssemblyResolver.OnResolve: Microsoft.VisualStudio.TestPlatform.Fakes: Assembly path does not exist: 'C:\Program Files\dotnet\sdk\6.0.300\Extensions\Microsoft.VisualStudio.TestPlatform.Fakes.dll', returning.
TpTrace Information: 0 : 30148, 1, 2022/06/12, 10:44:03.043, 2648905445330, vstest.console.dll, AssemblyResolver.OnResolve: Microsoft.VisualStudio.TestPlatform.Fakes: Assembly path does not exist: 'C:\Program Files\dotnet\sdk\6.0.300\Extensions\Microsoft.VisualStudio.TestPlatform.Fakes.exe', returning.
TpTrace Information: 0 : 30148, 1, 2022/06/12, 10:44:03.043, 2648905445655, vstest.console.dll, AssemblyResolver.OnResolve: Microsoft.VisualStudio.TestPlatform.Fakes: Searching in: 'C:\Program Files\dotnet\sdk\6.0.300'.
TpTrace Information: 0 : 30148, 1, 2022/06/12, 10:44:03.043, 2648905446239, vstest.console.dll, AssemblyResolver.OnResolve: Microsoft.VisualStudio.TestPlatform.Fakes: Assembly path does not exist: 'C:\Program Files\dotnet\sdk\6.0.300\Microsoft.VisualStudio.TestPlatform.Fakes.dll', returning.
TpTrace Information: 0 : 30148, 1, 2022/06/12, 10:44:03.043, 2648905446852, vstest.console.dll, AssemblyResolver.OnResolve: Microsoft.VisualStudio.TestPlatform.Fakes: Assembly path does not exist: 'C:\Program Files\dotnet\sdk\6.0.300\Microsoft.VisualStudio.TestPlatform.Fakes.exe', returning.
TpTrace Information: 0 : 30148, 1, 2022/06/12, 10:44:03.043, 2648905447163, vstest.console.dll, AssemblyResolver.OnResolve: Microsoft.VisualStudio.TestPlatform.Fakes: Failed to load assembly.
TpTrace Information: 0 : 30148, 1, 2022/06/12, 10:44:03.044, 2648905450642, vstest.console.dll, Failed to load assembly Microsoft.VisualStudio.TestPlatform.Fakes, Version=17.0.0.0, Culture=neutral. Reason:System.IO.FileNotFoundException: Could not load file or assembly 'Microsoft.VisualStudio.TestPlatform.Fakes, Version=17.0.0.0, Culture=neutral, PublicKeyToken=null'. The system cannot find the file specified.
File name: 'Microsoft.VisualStudio.TestPlatform.Fakes, Version=17.0.0.0, Culture=neutral, PublicKeyToken=null'
   at System.Reflection.RuntimeAssembly.InternalLoad(ObjectHandleOnStack assemblyName, ObjectHandleOnStack requestingAssembly, StackCrawlMarkHandle stackMark, Boolean throwOnFileNotFound, ObjectHandleOnStack assemblyLoadContext, ObjectHandleOnStack retAssembly)
   at System.Reflection.RuntimeAssembly.InternalLoad(AssemblyName assemblyName, RuntimeAssembly requestingAssembly, StackCrawlMark& stackMark, Boolean throwOnFileNotFound, AssemblyLoadContext assemblyLoadContext)
   at System.Reflection.Assembly.Load(AssemblyName assemblyRef)
   at Microsoft.VisualStudio.TestPlatform.Common.Utilities.FakesUtilities.LoadTestPlatformAssembly()
TpTrace Verbose: 0 : 30148, 1, 2022/06/12, 10:44:03.048, 2648905496538, vstest.console.dll, TestPluginCache.DiscoverTestExtensions: finding test extensions in assemblies ends with: TestLogger.dll TPluginInfo: Microsoft.VisualStudio.TestPlatform.Common.ExtensionFramework.Utilities.TestLoggerPluginInformation TExtension: Microsoft.VisualStudio.TestPlatform.ObjectModel.Client.ITestLogger
TpTrace Verbose: 0 : 30148, 1, 2022/06/12, 10:44:03.048, 2648905497650, vstest.console.dll, TestPluginCache.GetExtensionPaths: Filtered extension paths: 
TpTrace Verbose: 0 : 30148, 1, 2022/06/12, 10:44:03.048, 2648905498054, vstest.console.dll, TestPluginCache.GetExtensionPaths: Added default extension paths: C:\Program Files\dotnet\sdk\6.0.300\Extensions\DumpMinitool.exe
C:\Program Files\dotnet\sdk\6.0.300\Extensions\DumpMinitool.x86.exe
C:\Program Files\dotnet\sdk\6.0.300\Extensions\Microsoft.Diagnostics.NETCore.Client.dll
C:\Program Files\dotnet\sdk\6.0.300\Extensions\Microsoft.TestPlatform.Extensions.BlameDataCollector.dll
C:\Program Files\dotnet\sdk\6.0.300\Extensions\Microsoft.TestPlatform.Extensions.EventLogCollector.dll
C:\Program Files\dotnet\sdk\6.0.300\Extensions\Microsoft.TestPlatform.TestHostRuntimeProvider.dll
C:\Program Files\dotnet\sdk\6.0.300\Extensions\Microsoft.VisualStudio.TestPlatform.Extensions.Html.TestLogger.dll
C:\Program Files\dotnet\sdk\6.0.300\Extensions\Microsoft.VisualStudio.TestPlatform.Extensions.Trx.TestLogger.dll
TpTrace Verbose: 0 : 30148, 1, 2022/06/12, 10:44:03.049, 2648905498454, vstest.console.dll, TestPluginCache.GetExtensionPaths: Added unfilterableExtensionPaths: 
TpTrace Information: 0 : 30148, 1, 2022/06/12, 10:44:03.049, 2648905499716, vstest.console.dll, AssemblyResolver.AddSearchDirectories: Adding more searchDirectories C:\Program Files\dotnet\sdk\6.0.300\Extensions,C:\Program Files\dotnet\sdk\6.0.300
TpTrace Verbose: 0 : 30148, 1, 2022/06/12, 10:44:03.049, 2648905500274, vstest.console.dll, TestPluginCache.DiscoverTestExtensions: Discovering the extensions using extension path.
TpTrace Verbose: 0 : 30148, 1, 2022/06/12, 10:44:03.049, 2648905500747, vstest.console.dll, TestPluginCache.GetExtensionPaths: Filtered extension paths: 
TpTrace Verbose: 0 : 30148, 1, 2022/06/12, 10:44:03.049, 2648905501051, vstest.console.dll, TestPluginCache.GetExtensionPaths: Added default extension paths: C:\Program Files\dotnet\sdk\6.0.300\Extensions\DumpMinitool.exe
C:\Program Files\dotnet\sdk\6.0.300\Extensions\DumpMinitool.x86.exe
C:\Program Files\dotnet\sdk\6.0.300\Extensions\Microsoft.Diagnostics.NETCore.Client.dll
C:\Program Files\dotnet\sdk\6.0.300\Extensions\Microsoft.TestPlatform.Extensions.BlameDataCollector.dll
C:\Program Files\dotnet\sdk\6.0.300\Extensions\Microsoft.TestPlatform.Extensions.EventLogCollector.dll
C:\Program Files\dotnet\sdk\6.0.300\Extensions\Microsoft.TestPlatform.TestHostRuntimeProvider.dll
C:\Program Files\dotnet\sdk\6.0.300\Extensions\Microsoft.VisualStudio.TestPlatform.Extensions.Html.TestLogger.dll
C:\Program Files\dotnet\sdk\6.0.300\Extensions\Microsoft.VisualStudio.TestPlatform.Extensions.Trx.TestLogger.dll
TpTrace Verbose: 0 : 30148, 1, 2022/06/12, 10:44:03.049, 2648905501930, vstest.console.dll, TestPluginCache.GetExtensionPaths: Added unfilterableExtensionPaths: 
TpTrace Verbose: 0 : 30148, 1, 2022/06/12, 10:44:03.049, 2648905502374, vstest.console.dll, TestPluginCache.DiscoverTestExtensions: Discovering the extensions using allExtensionPaths: C:\Program Files\dotnet\sdk\6.0.300\Extensions\DumpMinitool.exe
C:\Program Files\dotnet\sdk\6.0.300\Extensions\DumpMinitool.x86.exe
C:\Program Files\dotnet\sdk\6.0.300\Extensions\Microsoft.Diagnostics.NETCore.Client.dll
C:\Program Files\dotnet\sdk\6.0.300\Extensions\Microsoft.TestPlatform.Extensions.BlameDataCollector.dll
C:\Program Files\dotnet\sdk\6.0.300\Extensions\Microsoft.TestPlatform.Extensions.EventLogCollector.dll
C:\Program Files\dotnet\sdk\6.0.300\Extensions\Microsoft.TestPlatform.TestHostRuntimeProvider.dll
C:\Program Files\dotnet\sdk\6.0.300\Extensions\Microsoft.VisualStudio.TestPlatform.Extensions.Html.TestLogger.dll
C:\Program Files\dotnet\sdk\6.0.300\Extensions\Microsoft.VisualStudio.TestPlatform.Extensions.Trx.TestLogger.dll
TpTrace Information: 0 : 30148, 1, 2022/06/12, 10:44:03.049, 2648905502977, vstest.console.dll, AssemblyResolver.AddSearchDirectories: Adding more searchDirectories C:\Program Files\dotnet\sdk\6.0.300\Extensions,C:\Program Files\dotnet\sdk\6.0.300
TpTrace Information: 0 : 30148, 1, 2022/06/12, 10:44:03.049, 2648905503343, vstest.console.dll, AssemblyResolver.AddSearchDirectories: Adding more searchDirectories C:\Program Files\dotnet\sdk\6.0.300\Extensions,C:\Program Files\dotnet\sdk\6.0.300
TpTrace Information: 0 : 30148, 1, 2022/06/12, 10:44:03.049, 2648905503720, vstest.console.dll, AssemblyResolver.AddSearchDirectories: Adding more searchDirectories C:\Program Files\dotnet\sdk\6.0.300\Extensions,C:\Program Files\dotnet\sdk\6.0.300
TpTrace Information: 0 : 30148, 1, 2022/06/12, 10:44:03.049, 2648905504075, vstest.console.dll, AssemblyResolver.AddSearchDirectories: Adding more searchDirectories C:\Program Files\dotnet\sdk\6.0.300\Extensions,C:\Program Files\dotnet\sdk\6.0.300
TpTrace Information: 0 : 30148, 1, 2022/06/12, 10:44:03.049, 2648905504378, vstest.console.dll, AssemblyResolver.AddSearchDirectories: Adding more searchDirectories C:\Program Files\dotnet\sdk\6.0.300\Extensions,C:\Program Files\dotnet\sdk\6.0.300
TpTrace Information: 0 : 30148, 1, 2022/06/12, 10:44:03.049, 2648905504683, vstest.console.dll, AssemblyResolver.AddSearchDirectories: Adding more searchDirectories C:\Program Files\dotnet\sdk\6.0.300\Extensions,C:\Program Files\dotnet\sdk\6.0.300
TpTrace Information: 0 : 30148, 1, 2022/06/12, 10:44:03.049, 2648905505031, vstest.console.dll, AssemblyResolver.AddSearchDirectories: Adding more searchDirectories C:\Program Files\dotnet\sdk\6.0.300\Extensions,C:\Program Files\dotnet\sdk\6.0.300
TpTrace Information: 0 : 30148, 1, 2022/06/12, 10:44:03.049, 2648905505335, vstest.console.dll, AssemblyResolver.AddSearchDirectories: Adding more searchDirectories C:\Program Files\dotnet\sdk\6.0.300\Extensions,C:\Program Files\dotnet\sdk\6.0.300
TpTrace Verbose: 0 : 30148, 1, 2022/06/12, 10:44:03.049, 2648905506865, vstest.console.dll, MetadataReaderExtensionsHelper: Discovering extensions inside assembly 'DumpMinitool, Version=15.0.0.0, Culture=neutral, PublicKeyToken=b03f5f7f11d50a3a' file path 'C:\Program Files\dotnet\sdk\6.0.300\Extensions\DumpMinitool.exe'
TpTrace Verbose: 0 : 30148, 1, 2022/06/12, 10:44:03.050, 2648905514847, vstest.console.dll, MetadataReaderExtensionsHelper: Discovering extensions inside assembly 'DumpMinitool.x86, Version=15.0.0.0, Culture=neutral, PublicKeyToken=b03f5f7f11d50a3a' file path 'C:\Program Files\dotnet\sdk\6.0.300\Extensions\DumpMinitool.x86.exe'
TpTrace Verbose: 0 : 30148, 1, 2022/06/12, 10:44:03.051, 2648905520375, vstest.console.dll, MetadataReaderExtensionsHelper: Discovering extensions inside assembly 'Microsoft.Diagnostics.NETCore.Client, Version=0.2.5.801, Culture=neutral, PublicKeyToken=31bf3856ad364e35' file path 'C:\Program Files\dotnet\sdk\6.0.300\Extensions\Microsoft.Diagnostics.NETCore.Client.dll'
TpTrace Information: 0 : 30148, 1, 2022/06/12, 10:44:03.051, 2648905527056, vstest.console.dll, AssemblyResolver.OnResolve: Microsoft.Bcl.AsyncInterfaces: Resolving assembly.
TpTrace Information: 0 : 30148, 1, 2022/06/12, 10:44:03.051, 2648905527795, vstest.console.dll, AssemblyResolver.OnResolve: Microsoft.Bcl.AsyncInterfaces: Resolved from cache.
TpTrace Verbose: 0 : 30148, 1, 2022/06/12, 10:44:03.051, 2648905528207, vstest.console.dll, CurrentDomainAssemblyResolve: Resolving assembly 'Microsoft.Bcl.AsyncInterfaces'.
TpTrace Information: 0 : 30148, 1, 2022/06/12, 10:44:03.052, 2648905528751, vstest.console.dll, AssemblyResolver.OnResolve: Microsoft.Bcl.AsyncInterfaces: Resolving assembly.
TpTrace Information: 0 : 30148, 1, 2022/06/12, 10:44:03.052, 2648905529083, vstest.console.dll, AssemblyResolver.OnResolve: Microsoft.Bcl.AsyncInterfaces: Resolved from cache.
TpTrace Verbose: 0 : 30148, 1, 2022/06/12, 10:44:03.052, 2648905529417, vstest.console.dll, CurrentDomainAssemblyResolve: Resolving assembly 'Microsoft.Bcl.AsyncInterfaces'.
TpTrace Verbose: 0 : 30148, 1, 2022/06/12, 10:44:03.052, 2648905529719, vstest.console.dll, CurrentDomainAssemblyResolve: Failed to resolve assembly 'Microsoft.Bcl.AsyncInterfaces'.
TpTrace Verbose: 0 : 30148, 1, 2022/06/12, 10:44:03.052, 2648905533413, vstest.console.dll, CurrentDomainAssemblyResolve: Failed to resolve assembly 'Microsoft.Bcl.AsyncInterfaces'.
TpTrace Warning: 0 : 30148, 1, 2022/06/12, 10:44:03.053, 2648905540692, vstest.console.dll, TestPluginDiscoverer: Failed to get types from assembly 'Microsoft.Diagnostics.NETCore.Client, Version=0.2.5.801, Culture=neutral, PublicKeyToken=31bf3856ad364e35'. Error: System.Reflection.ReflectionTypeLoadException: Unable to load one or more of the requested types.
Could not load file or assembly 'Microsoft.Bcl.AsyncInterfaces, Version=1.0.0.0, Culture=neutral, PublicKeyToken=cc7b13ffcd2ddd51'. The system cannot find the file specified.
   at System.Reflection.RuntimeModule.GetTypes(RuntimeModule module)
   at System.Reflection.Assembly.GetTypes()
   at Microsoft.VisualStudio.TestPlatform.Common.ExtensionFramework.TestPluginDiscoverer.GetTestExtensionsFromAssembly[TPluginInfo,TExtension](Assembly assembly, Dictionary`2 pluginInfos, String filePath)
System.IO.FileNotFoundException: Could not load file or assembly 'Microsoft.Bcl.AsyncInterfaces, Version=1.0.0.0, Culture=neutral, PublicKeyToken=cc7b13ffcd2ddd51'. The system cannot find the file specified.
File name: 'Microsoft.Bcl.AsyncInterfaces, Version=1.0.0.0, Culture=neutral, PublicKeyToken=cc7b13ffcd2ddd51'
 ---> System.IO.FileNotFoundException: Could not load file or assembly 'Microsoft.Bcl.AsyncInterfaces, Culture=neutral, PublicKeyToken=null'. The system cannot find the file specified.
File name: 'Microsoft.Bcl.AsyncInterfaces, Culture=neutral, PublicKeyToken=null'
   at System.Reflection.RuntimeAssembly.InternalLoad(ObjectHandleOnStack assemblyName, ObjectHandleOnStack requestingAssembly, StackCrawlMarkHandle stackMark, Boolean throwOnFileNotFound, ObjectHandleOnStack assemblyLoadContext, ObjectHandleOnStack retAssembly)
   at System.Reflection.RuntimeAssembly.InternalLoad(AssemblyName assemblyName, RuntimeAssembly requestingAssembly, StackCrawlMark& stackMark, Boolean throwOnFileNotFound, AssemblyLoadContext assemblyLoadContext)
   at System.Reflection.Assembly.Load(AssemblyName assemblyRef)
   at Microsoft.VisualStudio.TestPlatform.Common.ExtensionFramework.TestPluginCache.CurrentDomainAssemblyResolve(Object sender, AssemblyResolveEventArgs args)
   at Microsoft.VisualStudio.TestPlatform.PlatformAbstractions.PlatformAssemblyResolver.AssemblyResolverEvent(Object sender, Object eventArgs)
   at System.Runtime.Loader.AssemblyLoadContext.GetFirstResolvedAssemblyFromResolvingEvent(AssemblyName assemblyName)
   at System.Runtime.Loader.AssemblyLoadContext.ResolveUsingEvent(AssemblyName assemblyName)
   at System.Runtime.Loader.AssemblyLoadContext.ResolveUsingResolvingEvent(IntPtr gchManagedAssemblyLoadContext, AssemblyName assemblyName)
TpTrace Warning: 0 : 30148, 1, 2022/06/12, 10:44:03.053, 2648905545992, vstest.console.dll, LoaderExceptions: System.IO.FileNotFoundException: Could not load file or assembly 'Microsoft.Bcl.AsyncInterfaces, Version=1.0.0.0, Culture=neutral, PublicKeyToken=cc7b13ffcd2ddd51'. The system cannot find the file specified.
File name: 'Microsoft.Bcl.AsyncInterfaces, Version=1.0.0.0, Culture=neutral, PublicKeyToken=cc7b13ffcd2ddd51'
 ---> System.IO.FileNotFoundException: Could not load file or assembly 'Microsoft.Bcl.AsyncInterfaces, Culture=neutral, PublicKeyToken=null'. The system cannot find the file specified.
File name: 'Microsoft.Bcl.AsyncInterfaces, Culture=neutral, PublicKeyToken=null'
   at System.Reflection.RuntimeAssembly.InternalLoad(ObjectHandleOnStack assemblyName, ObjectHandleOnStack requestingAssembly, StackCrawlMarkHandle stackMark, Boolean throwOnFileNotFound, ObjectHandleOnStack assemblyLoadContext, ObjectHandleOnStack retAssembly)
   at System.Reflection.RuntimeAssembly.InternalLoad(AssemblyName assemblyName, RuntimeAssembly requestingAssembly, StackCrawlMark& stackMark, Boolean throwOnFileNotFound, AssemblyLoadContext assemblyLoadContext)
   at System.Reflection.Assembly.Load(AssemblyName assemblyRef)
   at Microsoft.VisualStudio.TestPlatform.Common.ExtensionFramework.TestPluginCache.CurrentDomainAssemblyResolve(Object sender, AssemblyResolveEventArgs args)
   at Microsoft.VisualStudio.TestPlatform.PlatformAbstractions.PlatformAssemblyResolver.AssemblyResolverEvent(Object sender, Object eventArgs)
   at System.Runtime.Loader.AssemblyLoadContext.GetFirstResolvedAssemblyFromResolvingEvent(AssemblyName assemblyName)
   at System.Runtime.Loader.AssemblyLoadContext.ResolveUsingEvent(AssemblyName assemblyName)
   at System.Runtime.Loader.AssemblyLoadContext.ResolveUsingResolvingEvent(IntPtr gchManagedAssemblyLoadContext, AssemblyName assemblyName)
TpTrace Verbose: 0 : 30148, 1, 2022/06/12, 10:44:03.053, 2648905547777, vstest.console.dll, MetadataReaderExtensionsHelper: Discovering extensions inside assembly 'Microsoft.TestPlatform.Extensions.BlameDataCollector, Version=15.0.0.0, Culture=neutral, PublicKeyToken=b03f5f7f11d50a3a' file path 'C:\Program Files\dotnet\sdk\6.0.300\Extensions\Microsoft.TestPlatform.Extensions.BlameDataCollector.dll'
TpTrace Information: 0 : 30148, 1, 2022/06/12, 10:44:03.054, 2648905557014, vstest.console.dll, GetTestExtensionFromType: Register extension with identifier data 'logger://Microsoft/TestPlatform/Extensions/Blame/v1' and type 'Microsoft.TestPlatform.Extensions.BlameDataCollector.BlameLogger, Microsoft.TestPlatform.Extensions.BlameDataCollector, Version=15.0.0.0, Culture=neutral, PublicKeyToken=b03f5f7f11d50a3a' inside file 'C:\Program Files\dotnet\sdk\6.0.300\Extensions\Microsoft.TestPlatform.Extensions.BlameDataCollector.dll'
TpTrace Verbose: 0 : 30148, 1, 2022/06/12, 10:44:03.054, 2648905558057, vstest.console.dll, MetadataReaderExtensionsHelper: Discovering extensions inside assembly 'Microsoft.TestPlatform.Extensions.EventLogCollector, Version=15.0.0.0, Culture=neutral, PublicKeyToken=b03f5f7f11d50a3a' file path 'C:\Program Files\dotnet\sdk\6.0.300\Extensions\Microsoft.TestPlatform.Extensions.EventLogCollector.dll'
TpTrace Verbose: 0 : 30148, 1, 2022/06/12, 10:44:03.055, 2648905564128, vstest.console.dll, MetadataReaderExtensionsHelper: Discovering extensions inside assembly 'Microsoft.TestPlatform.TestHostRuntimeProvider, Version=15.0.0.0, Culture=neutral, PublicKeyToken=b03f5f7f11d50a3a' file path 'C:\Program Files\dotnet\sdk\6.0.300\Extensions\Microsoft.TestPlatform.TestHostRuntimeProvider.dll'
TpTrace Verbose: 0 : 30148, 1, 2022/06/12, 10:44:03.056, 2648905568963, vstest.console.dll, MetadataReaderExtensionsHelper: Discovering extensions inside assembly 'Microsoft.VisualStudio.TestPlatform.Extensions.Html.TestLogger, Version=15.0.0.0, Culture=neutral, PublicKeyToken=b03f5f7f11d50a3a' file path 'C:\Program Files\dotnet\sdk\6.0.300\Extensions\Microsoft.VisualStudio.TestPlatform.Extensions.Html.TestLogger.dll'
TpTrace Information: 0 : 30148, 1, 2022/06/12, 10:44:03.056, 2648905574186, vstest.console.dll, GetTestExtensionFromType: Register extension with identifier data 'logger://Microsoft/TestPlatform/HtmlLogger/v1' and type 'Microsoft.VisualStudio.TestPlatform.Extensions.HtmlLogger.HtmlLogger, Microsoft.VisualStudio.TestPlatform.Extensions.Html.TestLogger, Version=15.0.0.0, Culture=neutral, PublicKeyToken=b03f5f7f11d50a3a' inside file 'C:\Program Files\dotnet\sdk\6.0.300\Extensions\Microsoft.VisualStudio.TestPlatform.Extensions.Html.TestLogger.dll'
TpTrace Verbose: 0 : 30148, 1, 2022/06/12, 10:44:03.056, 2648905575550, vstest.console.dll, MetadataReaderExtensionsHelper: Discovering extensions inside assembly 'Microsoft.VisualStudio.TestPlatform.Extensions.Trx.TestLogger, Version=15.0.0.0, Culture=neutral, PublicKeyToken=b03f5f7f11d50a3a' file path 'C:\Program Files\dotnet\sdk\6.0.300\Extensions\Microsoft.VisualStudio.TestPlatform.Extensions.Trx.TestLogger.dll'
TpTrace Information: 0 : 30148, 1, 2022/06/12, 10:44:03.057, 2648905584082, vstest.console.dll, GetTestExtensionFromType: Register extension with identifier data 'logger://Microsoft/TestPlatform/TrxLogger/v1' and type 'Microsoft.VisualStudio.TestPlatform.Extensions.TrxLogger.TrxLogger, Microsoft.VisualStudio.TestPlatform.Extensions.Trx.TestLogger, Version=15.0.0.0, Culture=neutral, PublicKeyToken=b03f5f7f11d50a3a' inside file 'C:\Program Files\dotnet\sdk\6.0.300\Extensions\Microsoft.VisualStudio.TestPlatform.Extensions.Trx.TestLogger.dll'
TpTrace Verbose: 0 : 30148, 1, 2022/06/12, 10:44:03.057, 2648905585728, vstest.console.dll, TestPluginCache: Discovered the extensions using extension path ''.
TpTrace Verbose: 0 : 30148, 1, 2022/06/12, 10:44:03.057, 2648905586233, vstest.console.dll, TestPluginCache: Discoverers are ''.
TpTrace Verbose: 0 : 30148, 1, 2022/06/12, 10:44:03.057, 2648905586673, vstest.console.dll, TestPluginCache: Executors are ''.
TpTrace Verbose: 0 : 30148, 1, 2022/06/12, 10:44:03.057, 2648905587016, vstest.console.dll, TestPluginCache: Executors2 are ''.
TpTrace Verbose: 0 : 30148, 1, 2022/06/12, 10:44:03.057, 2648905587347, vstest.console.dll, TestPluginCache: Setting providers are ''.
TpTrace Verbose: 0 : 30148, 1, 2022/06/12, 10:44:03.058, 2648905588561, vstest.console.dll, TestPluginCache: Loggers are 'logger://Microsoft/TestPlatform/Extensions/Blame/v1,logger://Microsoft/TestPlatform/HtmlLogger/v1,logger://Microsoft/TestPlatform/TrxLogger/v1'.
TpTrace Verbose: 0 : 30148, 1, 2022/06/12, 10:44:03.058, 2648905589297, vstest.console.dll, TestPluginCache: TestHosts are 'HostProvider://DefaultTestHost,HostProvider://DotnetTestHost'.
TpTrace Verbose: 0 : 30148, 1, 2022/06/12, 10:44:03.058, 2648905589702, vstest.console.dll, TestPluginCache: DataCollectors are ''.
TpTrace Information: 0 : 30148, 1, 2022/06/12, 10:44:03.059, 2648905600784, vstest.console.dll, TestPluginManager.CreateTestExtension: Attempting to load test extension: Microsoft.TestPlatform.Extensions.BlameDataCollector.BlameLogger
TpTrace Information: 0 : 30148, 1, 2022/06/12, 10:44:03.067, 2648905684812, vstest.console.dll, TestPluginManager.CreateTestExtension: Attempting to load test extension: Microsoft.VisualStudio.TestPlatform.CrossPlatEngine.Hosting.DefaultTestHostManager
TpTrace Information: 0 : 30148, 1, 2022/06/12, 10:44:03.070, 2648905710381, vstest.console.dll, TestPluginManager.CreateTestExtension: Attempting to load test extension: Microsoft.VisualStudio.TestPlatform.CrossPlatEngine.Hosting.DotnetTestHostManager
TpTrace Verbose: 0 : 30148, 1, 2022/06/12, 10:44:03.071, 2648905724087, vstest.console.dll, TestEngine: Initializing Parallel Execution as MaxCpuCount is set to: 1
TpTrace Information: 0 : 30148, 1, 2022/06/12, 10:44:03.072, 2648905734807, vstest.console.dll, InferRunSettingsHelper.IsTestSettingsEnabled: Unable to navigate to RunSettings/MSTest. Current node: RunSettings
TpTrace Verbose: 0 : 30148, 1, 2022/06/12, 10:44:03.074, 2648905754989, vstest.console.dll, TestRequestSender is acting as server.
TpTrace Verbose: 0 : 30148, 1, 2022/06/12, 10:44:03.076, 2648905775254, vstest.console.dll, TestEngine.GetExecutionManager: Chosen execution manager 'Microsoft.VisualStudio.TestPlatform.CrossPlatEngine.Client.Parallel.ParallelProxyExecutionManager, Microsoft.TestPlatform.CrossPlatEngine, Version=15.0.0.0, Culture=neutral, PublicKeyToken=b03f5f7f11d50a3a' ParallelLevel '1' Shared host 'False'
TpTrace Verbose: 0 : 30148, 5, 2022/06/12, 10:44:03.081, 2648905823881, vstest.console.dll, DataCollectionRequestSender.InitializeCommunication : Initialize communication. 
TpTrace Information: 0 : 30148, 5, 2022/06/12, 10:44:03.090, 2648905915584, vstest.console.dll, Listening on Endpoint : 127.0.0.1:11270
TpTrace Verbose: 0 : 30148, 5, 2022/06/12, 10:44:03.104, 2648906058237, vstest.console.dll, DotnetDataCollectionLauncher: Full path of dotnet.exe is C:\Program Files\dotnet\dotnet.exe
TpTrace Verbose: 0 : 30148, 5, 2022/06/12, 10:44:03.105, 2648906060924, vstest.console.dll, DotnetDataCollectionLauncher: Adding  --runtimeconfig "C:\Program Files\dotnet\sdk\6.0.300\datacollector.runtimeconfig.json" in args
TpTrace Verbose: 0 : 30148, 5, 2022/06/12, 10:44:03.105, 2648906062037, vstest.console.dll, DotnetDataCollectionLauncher: Adding  --depsfile "C:\Program Files\dotnet\sdk\6.0.300\datacollector.deps.json" in args
TpTrace Information: 0 : 30148, 5, 2022/06/12, 10:44:03.118, 2648906192098, vstest.console.dll, ProxyDataCollectionManager.Initialize: Launched datacollector processId: 24532 port: 11270
TpTrace Information: 0 : 30148, 5, 2022/06/12, 10:44:03.118, 2648906194868, vstest.console.dll, ProxyDataCollectionManager.Initialize: waiting for connection with timeout: 90 seconds
TpTrace Verbose: 0 : 30148, 5, 2022/06/12, 10:44:03.118, 2648906196147, vstest.console.dll, DataCollectionRequestSender.WaitForRequestHandlerConnection : Waiting for connection with timeout: 90000
TpTrace Information: 0 : 30148, 8, 2022/06/12, 10:44:03.333, 2648908341775, vstest.console.dll, Using the buffer size of 16384 bytes
TpTrace Verbose: 0 : 30148, 5, 2022/06/12, 10:44:03.333, 2648908342261, vstest.console.dll, SocketCommunicationManager.WaitForClientConnection took: 214 ms, with 90000 ms timeout, and finished with True.
TpTrace Information: 0 : 30148, 8, 2022/06/12, 10:44:03.333, 2648908343499, vstest.console.dll, Accepted Client request and set the flag
TpTrace Verbose: 0 : 30148, 5, 2022/06/12, 10:44:03.333, 2648908346038, vstest.console.dll, ProxyDataCollectionManager.InvokeDataCollectionServiceAction: Starting.
TpTrace Information: 0 : 30148, 5, 2022/06/12, 10:44:03.334, 2648908348317, vstest.console.dll, ProxyDataCollectionManager.BeforeTestRunStart: Get environment variable and port for datacollector processId: 24532 port: 11270
TpTrace Verbose: 0 : 30148, 5, 2022/06/12, 10:44:03.334, 2648908350933, vstest.console.dll, DataCollectionRequestSender.SendBeforeTestRunStartAndGetResult: Send BeforeTestRunStart message with settingsXml <RunSettings><RunConfiguration><ResultsDirectory>C:\Users\Decagon\source\repos\BankTaskApp\BankAppTest\bin\Debug\net5.0\fine-code-coverage\coverage-tool-output</ResultsDirectory><TargetPlatform>X64</TargetPlatform><TargetFrameworkVersion>.NETCoreApp,Version=v5.0</TargetFrameworkVersion><DesignMode>False</DesignMode><CollectSourceInformation>False</CollectSourceInformation><TestAdaptersPaths>C:\Program Files\dotnet\sdk\6.0.300\Extensions</TestAdaptersPaths></RunConfiguration><LoggerRunSettings><Loggers><Logger friendlyName="blame" enabled="True" /><Logger friendlyName="Console" uri="logger://microsoft/TestPlatform/ConsoleLogger/v1" assemblyQualifiedName="Microsoft.VisualStudio.TestPlatform.CommandLine.Internal.ConsoleLogger, vstest.console, Version=15.0.0.0, Culture=neutral, PublicKeyToken=b03f5f7f11d50a3a" codeBase="C:\Program Files\dotnet\sdk\6.0.300\vstest.console.dll" enabled="True" /></Loggers></LoggerRunSettings><DataCollectionRunSettings><DataCollectors><DataCollector friendlyName="blame" enabled="True"><Configuration><ResultsDirectory>C:\Users\Decagon\source\repos\BankTaskApp\BankAppTest\bin\Debug\net5.0\fine-code-coverage\coverage-tool-output</ResultsDirectory></Configuration></DataCollector></DataCollectors></DataCollectionRunSettings></RunSettings> and sources System.Linq.Enumerable+Concat2Iterator`1[System.String]: 
TpTrace Verbose: 0 : 30148, 5, 2022/06/12, 10:44:03.462, 2648909633426, vstest.console.dll, DataCollectionRequestSender.SendBeforeTestRunStartAndGetResult: Received message: (DataCollection.SendMessage) -> {
  "FriendlyName": null,
  "Uri": null,
  "TestCaseId": "00000000-0000-0000-0000-000000000000",
  "Message": "Logging DataCollector Diagnostics in file: C:\\Users\\Decagon\\source\\repos\\BankTaskApp\\BankAppTest\\bin\\Debug\\net5.0\\fine-code-coverage\\coverage-tool-output\\diagnostics.datacollector.22-06-12_10-44-03_10448_5.log",
  "Level": 0
}
TpTrace Verbose: 0 : 30148, 5, 2022/06/12, 10:44:03.571, 2648910727476, vstest.console.dll, DataCollectionRequestSender.SendBeforeTestRunStartAndGetResult: Received message: (DataCollection.BeforeTestRunStartResult) -> {
  "EnvironmentVariables": {},
  "DataCollectionEventsPort": 11272
}
TpTrace Information: 0 : 30148, 5, 2022/06/12, 10:44:03.578, 2648910792050, vstest.console.dll, ProxyDataCollectionManager.BeforeTestRunStart: SendBeforeTestRunStartAndGetResult successful, env variable from datacollector:   and testhost port: 11272
TpTrace Information: 0 : 30148, 5, 2022/06/12, 10:44:03.578, 2648910793233, vstest.console.dll, ProxyDataCollectionManager.InvokeDataCollectionServiceAction: Completed.
TpTrace Verbose: 0 : 30148, 1, 2022/06/12, 10:44:03.578, 2648910795461, vstest.console.dll, TestRunRequest.ExecuteAsync: Creating test run request.
TpTrace Verbose: 0 : 30148, 1, 2022/06/12, 10:44:03.579, 2648910798927, vstest.console.dll, TestRunRequest.ExecuteAsync: Starting.
TpTrace Information: 0 : 30148, 1, 2022/06/12, 10:44:03.579, 2648910802952, vstest.console.dll, TestRunRequest.ExecuteAsync: Starting run with settings:TestRunCriteria:
   KeepAlive=False,FrequencyOfRunStatsChangeEvent=10,RunStatsChangeEventTimeout=00:00:01.5000000,TestCaseFilter=,TestExecutorLauncher=
   Settingsxml=<RunSettings>
  <RunConfiguration>
    <ResultsDirectory>C:\Users\Decagon\source\repos\BankTaskApp\BankAppTest\bin\Debug\net5.0\fine-code-coverage\coverage-tool-output</ResultsDirectory>
    <TargetPlatform>X64</TargetPlatform>
    <TargetFrameworkVersion>.NETCoreApp,Version=v5.0</TargetFrameworkVersion>
    <DesignMode>False</DesignMode>
    <CollectSourceInformation>False</CollectSourceInformation>
  </RunConfiguration>
  <LoggerRunSettings>
    <Loggers>
      <Logger friendlyName="blame" enabled="True" />
      <Logger friendlyName="Console" uri="logger://microsoft/TestPlatform/ConsoleLogger/v1" assemblyQualifiedName="Microsoft.VisualStudio.TestPlatform.CommandLine.Internal.ConsoleLogger, vstest.console, Version=15.0.0.0, Culture=neutral, PublicKeyToken=b03f5f7f11d50a3a" codeBase="C:\Program Files\dotnet\sdk\6.0.300\vstest.console.dll" enabled="True" />
    </Loggers>
  </LoggerRunSettings>
  <DataCollectionRunSettings>
    <DataCollectors>
      <DataCollector friendlyName="blame" enabled="True">
        <Configuration>
          <ResultsDirectory>C:\Users\Decagon\source\repos\BankTaskApp\BankAppTest\bin\Debug\net5.0\fine-code-coverage\coverage-tool-output</ResultsDirectory>
        </Configuration>
      </DataCollector>
    </DataCollectors>
  </DataCollectionRunSettings>
</RunSettings>

TpTrace Verbose: 0 : 30148, 1, 2022/06/12, 10:44:03.579, 2648910803512, vstest.console.dll, TestRunRequest.ExecuteAsync: Wait for the first run request is over.
TpTrace Verbose: 0 : 30148, 1, 2022/06/12, 10:44:03.579, 2648910806610, vstest.console.dll, MulticastDelegateUtilities.SafeInvoke: TestRun.TestRunStart: Invoking callbacks was skipped because there are no subscribers.
TpTrace Verbose: 0 : 30148, 1, 2022/06/12, 10:44:03.580, 2648910809093, vstest.console.dll, ParallelProxyExecutionManager: Start execution. Total sources: 1
TpTrace Verbose: 0 : 30148, 4, 2022/06/12, 10:44:03.580, 2648910809876, vstest.console.dll, MulticastDelegateUtilities.SafeInvoke: InternalTestLoggerEvents.SendTestRunStart: Invoking callback 1/1 for Microsoft.VisualStudio.TestPlatform.CommandLine.Internal.ConsoleLogger.TestRunStartHandler, took 0 ms.
TpTrace Information: 0 : 30148, 1, 2022/06/12, 10:44:03.580, 2648910816570, vstest.console.dll, ProxyParallelExecutionManager: Triggering test run for next source: C:\Users\Decagon\source\repos\BankTaskApp\BankAppTest\bin\Debug\net5.0\fine-code-coverage\build-output\BankAppTest.dll
TpTrace Verbose: 0 : 30148, 5, 2022/06/12, 10:44:03.580, 2648910818295, vstest.console.dll, ParallelProxyExecutionManager: Execution started. Started clients: 1
TpTrace Verbose: 0 : 30148, 1, 2022/06/12, 10:44:03.581, 2648910818761, vstest.console.dll, ProxyParallelExecutionManager: No sources available for execution.
TpTrace Information: 0 : 30148, 1, 2022/06/12, 10:44:03.581, 2648910820141, vstest.console.dll, TestRunRequest.ExecuteAsync: Started.
TpTrace Verbose: 0 : 30148, 1, 2022/06/12, 10:44:03.581, 2648910820913, vstest.console.dll, TestRunRequest.WaitForCompletion: Waiting with timeout -1.
TpTrace Verbose: 0 : 30148, 5, 2022/06/12, 10:44:03.581, 2648910822490, vstest.console.dll, TestRunRequest:SendTestRunMessage: Starting.
TpTrace Verbose: 0 : 30148, 5, 2022/06/12, 10:44:03.581, 2648910824365, vstest.console.dll, MulticastDelegateUtilities.SafeInvoke: TestRun.LogMessages: Invoking callback 1/1 for Microsoft.VisualStudio.TestPlatform.CommandLine.TestRunResultAggregator.TestRunMessageHandler, took 0 ms.
TpTrace Verbose: 0 : 30148, 4, 2022/06/12, 10:44:03.581, 2648910824442, vstest.console.dll, MulticastDelegateUtilities.SafeInvoke: InternalTestLoggerEvents.SendTestRunMessage: Invoking callback 1/1 for Microsoft.VisualStudio.TestPlatform.CommandLine.Internal.ConsoleLogger.TestMessageHandler, took 0 ms.
TpTrace Information: 0 : 30148, 5, 2022/06/12, 10:44:03.581, 2648910824839, vstest.console.dll, TestRunRequest:SendTestRunMessage: Completed.
TpTrace Verbose: 0 : 30148, 5, 2022/06/12, 10:44:03.582, 2648910828602, vstest.console.dll, ProxyExecutionManager: Test host is always Lazy initialize.
TpTrace Verbose: 0 : 30148, 5, 2022/06/12, 10:44:03.582, 2648910831851, vstest.console.dll, TestRequestSender.InitializeCommunication: initialize communication. 
TpTrace Information: 0 : 30148, 5, 2022/06/12, 10:44:03.583, 2648910840705, vstest.console.dll, SocketServer.Start: Listening on endpoint : 127.0.0.1:11273
TpTrace Verbose: 0 : 30148, 5, 2022/06/12, 10:44:03.584, 2648910851316, vstest.console.dll, DotnetTestHostmanager.GetTestHostProcessStartInfo: Platform environment 'X64' target architecture 'X64' framework '.NETCoreApp,Version=v5.0' OS 'Windows'
TpTrace Verbose: 0 : 30148, 5, 2022/06/12, 10:44:03.584, 2648910853838, vstest.console.dll, DotnetTestHostmanager: Adding  --runtimeconfig "C:\Users\Decagon\source\repos\BankTaskApp\BankAppTest\bin\Debug\net5.0\fine-code-coverage\build-output\BankAppTest.runtimeconfig.json" in args
TpTrace Verbose: 0 : 30148, 5, 2022/06/12, 10:44:03.584, 2648910854822, vstest.console.dll, DotnetTestHostmanager: Adding  --depsfile "C:\Users\Decagon\source\repos\BankTaskApp\BankAppTest\bin\Debug\net5.0\fine-code-coverage\build-output\BankAppTest.deps.json" in args
TpTrace Verbose: 0 : 30148, 5, 2022/06/12, 10:44:03.585, 2648910867374, vstest.console.dll, DotnetTestHostmanager.IsWinOnArm: Current PROCESSOR_ARCHITECTURE from environment variable 'AMD64'
TpTrace Verbose: 0 : 30148, 5, 2022/06/12, 10:44:03.586, 2648910868788, vstest.console.dll, DotnetTestHostmanager.IsWinOnArm: Is Windows on ARM 'False'
TpTrace Verbose: 0 : 30148, 5, 2022/06/12, 10:44:03.586, 2648910869867, vstest.console.dll, DotnetTestHostManager: testhost.exe found at path: C:\Users\Decagon\source\repos\BankTaskApp\BankAppTest\bin\Debug\net5.0\fine-code-coverage\build-output\testhost.exe
TpTrace Verbose: 0 : 30148, 5, 2022/06/12, 10:44:03.586, 2648910870361, vstest.console.dll, DotnetTestHostmanager: Full path of host exe is C:\Users\Decagon\source\repos\BankTaskApp\BankAppTest\bin\Debug\net5.0\fine-code-coverage\build-output\testhost.exe
TpTrace Verbose: 0 : 30148, 5, 2022/06/12, 10:44:03.586, 2648910872026, vstest.console.dll, DotnetTestHostmanager.LaunchTestHostAsync: Found 'VSTEST_WINAPPHOST_DOTNET_ROOT' in env variables, value 'C:\Program Files\dotnet', forwarding to 'DOTNET_ROOT'
TpTrace Verbose: 0 : 30148, 7, 2022/06/12, 10:44:03.587, 2648910881543, vstest.console.dll, DotnetTestHostManager: Starting process 'C:\Users\Decagon\source\repos\BankTaskApp\BankAppTest\bin\Debug\net5.0\fine-code-coverage\build-output\testhost.exe' with command line ' --runtimeconfig "C:\Users\Decagon\source\repos\BankTaskApp\BankAppTest\bin\Debug\net5.0\fine-code-coverage\build-output\BankAppTest.runtimeconfig.json" --depsfile "C:\Users\Decagon\source\repos\BankTaskApp\BankAppTest\bin\Debug\net5.0\fine-code-coverage\build-output\BankAppTest.deps.json" --port 11273 --endpoint 127.0.0.1:011273 --role client --parentprocessid 30148 --diag "C:\Users\Decagon\source\repos\BankTaskApp\BankAppTest\bin\Debug\net5.0\fine-code-coverage\coverage-tool-output\diagnostics.host.22-06-12_10-44-03_58383_5.log" --tracelevel 4 --datacollectionport 11272 --telemetryoptedin false'
TpTrace Verbose: 0 : 30148, 7, 2022/06/12, 10:44:03.594, 2648910951244, vstest.console.dll, MulticastDelegateUtilities.SafeInvoke: HostProviderEvents.OnHostLaunched: Invoking callback 1/2 for Microsoft.VisualStudio.TestPlatform.CrossPlatEngine.Client.ProxyExecutionManagerWithDataCollection.TestHostLaunchedHandler, took 1 ms.
TpTrace Verbose: 0 : 30148, 7, 2022/06/12, 10:44:03.594, 2648910953206, vstest.console.dll, Test Runtime launched
TpTrace Verbose: 0 : 30148, 7, 2022/06/12, 10:44:03.594, 2648910953995, vstest.console.dll, MulticastDelegateUtilities.SafeInvoke: HostProviderEvents.OnHostLaunched: Invoking callback 2/2 for Microsoft.VisualStudio.TestPlatform.CrossPlatEngine.Client.ProxyOperationManager.TestHostManagerHostLaunched, took 0 ms.
TpTrace Verbose: 0 : 30148, 5, 2022/06/12, 10:44:03.595, 2648910962409, vstest.console.dll, TestRequestSender.WaitForRequestHandlerConnection: waiting for connection with timeout: 90000.
TpTrace Verbose: 0 : 30148, 5, 2022/06/12, 10:44:03.802, 2648913036040, vstest.console.dll, TestRequestSender.WaitForRequestHandlerConnection: waiting took 207 ms, with timeout 90000 ms, and result 0, which is success.
TpTrace Verbose: 0 : 30148, 14, 2022/06/12, 10:44:03.802, 2648913036041, vstest.console.dll, MulticastDelegateUtilities.SafeInvoke: SocketServer: ClientConnected: Invoking callback 1/1 for Microsoft.VisualStudio.TestPlatform.CommunicationUtilities.TestRequestSender.<InitializeCommunication>b__23_0, took 0 ms.
TpTrace Verbose: 0 : 30148, 14, 2022/06/12, 10:44:03.803, 2648913038702, vstest.console.dll, SocketServer.OnClientConnected: Client connected for endPoint: 127.0.0.1:11273, starting MessageLoopAsync:
TpTrace Verbose: 0 : 30148, 7, 2022/06/12, 10:44:03.803, 2648913041927, vstest.console.dll, TcpClientExtensions.MessageLoopAsync: Polling on remoteEndPoint: 127.0.0.1:11274 localEndPoint: 127.0.0.1:11273
TpTrace Verbose: 0 : 30148, 5, 2022/06/12, 10:44:03.804, 2648913051202, vstest.console.dll, TestRequestSender.CheckVersionWithTestHost: Sending check version message: {"MessageType":"ProtocolVersion","Payload":6}
TpTrace Verbose: 0 : 30148, 7, 2022/06/12, 10:44:04.033, 2648915345164, vstest.console.dll, TcpClientExtensions.MessageLoopAsync: NotifyDataAvailable remoteEndPoint: 127.0.0.1:11274 localEndPoint: 127.0.0.1:11273
TpTrace Verbose: 0 : 30148, 7, 2022/06/12, 10:44:04.034, 2648915349064, vstest.console.dll, TestRequestSender.CheckVersionWithTestHost: onMessageReceived received message: (ProtocolVersion) -> 5
TpTrace Verbose: 0 : 30148, 7, 2022/06/12, 10:44:04.034, 2648915354345, vstest.console.dll, MulticastDelegateUtilities.SafeInvoke: LengthPrefixCommunicationChannel: MessageReceived: Invoking callback 1/1 for Microsoft.VisualStudio.TestPlatform.CommunicationUtilities.TestRequestSender+<>c__DisplayClass25_0.<CheckVersionWithTestHost>b__0, took 0 ms.
TpTrace Verbose: 0 : 30148, 7, 2022/06/12, 10:44:04.034, 2648915355519, vstest.console.dll, TcpClientExtensions.MessageLoopAsync: Polling on remoteEndPoint: 127.0.0.1:11274 localEndPoint: 127.0.0.1:11273
TpTrace Verbose: 0 : 30148, 5, 2022/06/12, 10:44:04.034, 2648915355915, vstest.console.dll, TestPluginCache.GetExtensionPaths: Filtered extension paths: 
TpTrace Verbose: 0 : 30148, 5, 2022/06/12, 10:44:04.034, 2648915356807, vstest.console.dll, TestPluginCache.GetExtensionPaths: Added default extension paths: C:\Program Files\dotnet\sdk\6.0.300\Extensions\DumpMinitool.exe
C:\Program Files\dotnet\sdk\6.0.300\Extensions\DumpMinitool.x86.exe
C:\Program Files\dotnet\sdk\6.0.300\Extensions\Microsoft.Diagnostics.NETCore.Client.dll
C:\Program Files\dotnet\sdk\6.0.300\Extensions\Microsoft.TestPlatform.Extensions.BlameDataCollector.dll
C:\Program Files\dotnet\sdk\6.0.300\Extensions\Microsoft.TestPlatform.Extensions.EventLogCollector.dll
C:\Program Files\dotnet\sdk\6.0.300\Extensions\Microsoft.TestPlatform.TestHostRuntimeProvider.dll
C:\Program Files\dotnet\sdk\6.0.300\Extensions\Microsoft.VisualStudio.TestPlatform.Extensions.Html.TestLogger.dll
C:\Program Files\dotnet\sdk\6.0.300\Extensions\Microsoft.VisualStudio.TestPlatform.Extensions.Trx.TestLogger.dll
TpTrace Verbose: 0 : 30148, 5, 2022/06/12, 10:44:04.034, 2648915357234, vstest.console.dll, TestPluginCache.GetExtensionPaths: Added unfilterableExtensionPaths: 
TpTrace Verbose: 0 : 30148, 5, 2022/06/12, 10:44:04.040, 2648915417099, vstest.console.dll, TestRequestSender.InitializeExecution: Sending initialize execution with message: {"Version":5,"MessageType":"TestExecution.Initialize","Payload":["C:\\Users\\Decagon\\source\\repos\\BankTaskApp\\BankAppTest\\bin\\Debug\\net5.0\\fine-code-coverage\\build-output\\xunit.runner.visualstudio.dotnetcore.testadapter.dll"]}
TpTrace Warning: 0 : 30148, 5, 2022/06/12, 10:44:04.041, 2648915424718, vstest.console.dll, InferRunSettingsHelper.MakeRunsettingsCompatible: Removing the following settings: TargetPlatform from RunSettings file. To use those settings please move to latest version of Microsoft.NET.Test.Sdk
TpTrace Verbose: 0 : 30148, 7, 2022/06/12, 10:44:04.051, 2648915518884, vstest.console.dll, TcpClientExtensions.MessageLoopAsync: NotifyDataAvailable remoteEndPoint: 127.0.0.1:11274 localEndPoint: 127.0.0.1:11273
TpTrace Verbose: 0 : 30148, 7, 2022/06/12, 10:44:04.051, 2648915522315, vstest.console.dll, TestRequestSender.OnExecutionMessageReceived: Received message: {"Version":5,"MessageType":"TestSession.Message","Payload":{"MessageLevel":0,"Message":"Logging TestHost Diagnostics in file: C:\\Users\\Decagon\\source\\repos\\BankTaskApp\\BankAppTest\\bin\\Debug\\net5.0\\fine-code-coverage\\coverage-tool-output\\diagnostics.host.22-06-12_10-44-03_58383_5.log"}}
TpTrace Verbose: 0 : 30148, 7, 2022/06/12, 10:44:04.055, 2648915559423, vstest.console.dll, TestRunRequest:SendTestRunMessage: Starting.
TpTrace Verbose: 0 : 30148, 7, 2022/06/12, 10:44:04.055, 2648915561855, vstest.console.dll, MulticastDelegateUtilities.SafeInvoke: TestRun.LogMessages: Invoking callback 1/1 for Microsoft.VisualStudio.TestPlatform.CommandLine.TestRunResultAggregator.TestRunMessageHandler, took 0 ms.
TpTrace Verbose: 0 : 30148, 4, 2022/06/12, 10:44:04.055, 2648915561989, vstest.console.dll, MulticastDelegateUtilities.SafeInvoke: InternalTestLoggerEvents.SendTestRunMessage: Invoking callback 1/1 for Microsoft.VisualStudio.TestPlatform.CommandLine.Internal.ConsoleLogger.TestMessageHandler, took 0 ms.
TpTrace Information: 0 : 30148, 7, 2022/06/12, 10:44:04.055, 2648915562738, vstest.console.dll, TestRunRequest:SendTestRunMessage: Completed.
TpTrace Verbose: 0 : 30148, 7, 2022/06/12, 10:44:04.055, 2648915564361, vstest.console.dll, MulticastDelegateUtilities.SafeInvoke: LengthPrefixCommunicationChannel: MessageReceived: Invoking callback 1/1 for Microsoft.VisualStudio.TestPlatform.CommunicationUtilities.TestRequestSender+<>c__DisplayClass30_0.<StartTestRun>b__1, took 4 ms.
TpTrace Verbose: 0 : 30148, 7, 2022/06/12, 10:44:04.055, 2648915564928, vstest.console.dll, TcpClientExtensions.MessageLoopAsync: Polling on remoteEndPoint: 127.0.0.1:11274 localEndPoint: 127.0.0.1:11273
TpTrace Verbose: 0 : 30148, 5, 2022/06/12, 10:44:04.064, 2648915652537, vstest.console.dll, TestRequestSender.StartTestRun: Sending test run with message: {"Version":5,"MessageType":"TestExecution.StartWithSources","Payload":{"AdapterSourceMap":{"_none_":["C:\\Users\\Decagon\\source\\repos\\BankTaskApp\\BankAppTest\\bin\\Debug\\net5.0\\fine-code-coverage\\build-output\\BankAppTest.dll"]},"RunSettings":"<RunSettings>\r\n  <RunConfiguration>\r\n    <ResultsDirectory>C:\\Users\\Decagon\\source\\repos\\BankTaskApp\\BankAppTest\\bin\\Debug\\net5.0\\fine-code-coverage\\coverage-tool-output</ResultsDirectory>\r\n    <TargetFrameworkVersion>.NETCoreApp,Version=v5.0</TargetFrameworkVersion>\r\n    <DesignMode>False</DesignMode>\r\n    <CollectSourceInformation>False</CollectSourceInformation>\r\n  </RunConfiguration>\r\n  <LoggerRunSettings>\r\n    <Loggers>\r\n      <Logger friendlyName=\"blame\" enabled=\"True\" />\r\n      <Logger friendlyName=\"Console\" uri=\"logger://microsoft/TestPlatform/ConsoleLogger/v1\" assemblyQualifiedName=\"Microsoft.VisualStudio.TestPlatform.CommandLine.Internal.ConsoleLogger, vstest.console, Version=15.0.0.0, Culture=neutral, PublicKeyToken=b03f5f7f11d50a3a\" codeBase=\"C:\\Program Files\\dotnet\\sdk\\6.0.300\\vstest.console.dll\" enabled=\"True\" />\r\n    </Loggers>\r\n  </LoggerRunSettings>\r\n  <DataCollectionRunSettings>\r\n    <DataCollectors>\r\n      <DataCollector friendlyName=\"blame\" enabled=\"True\">\r\n        <Configuration>\r\n          <ResultsDirectory>C:\\Users\\Decagon\\source\\repos\\BankTaskApp\\BankAppTest\\bin\\Debug\\net5.0\\fine-code-coverage\\coverage-tool-output</ResultsDirectory>\r\n        </Configuration>\r\n      </DataCollector>\r\n    </DataCollectors>\r\n  </DataCollectionRunSettings>\r\n</RunSettings>","TestExecutionContext":{"FrequencyOfRunStatsChangeEvent":10,"RunStatsChangeEventTimeout":"00:00:01.5000000","InIsolation":false,"KeepAlive":false,"AreTestCaseLevelEventsRequired":false,"IsDebug":false,"TestCaseFilter":null,"FilterOptions":null},"Package":null}}
TpTrace Verbose: 0 : 30148, 7, 2022/06/12, 10:44:04.250, 2648917514865, vstest.console.dll, TcpClientExtensions.MessageLoopAsync: NotifyDataAvailable remoteEndPoint: 127.0.0.1:11274 localEndPoint: 127.0.0.1:11273
TpTrace Verbose: 0 : 30148, 7, 2022/06/12, 10:44:04.250, 2648917517456, vstest.console.dll, TestRequestSender.OnExecutionMessageReceived: Received message: {"Version":5,"MessageType":"TestSession.Message","Payload":{"MessageLevel":0,"Message":"[xUnit.net 00:00:00.00] xUnit.net VSTest Adapter v2.4.3+1b45f5407b (64-bit .NET 5.0.17)"}}
TpTrace Verbose: 0 : 30148, 7, 2022/06/12, 10:44:04.251, 2648917524895, vstest.console.dll, TestRunRequest:SendTestRunMessage: Starting.
TpTrace Verbose: 0 : 30148, 7, 2022/06/12, 10:44:04.251, 2648917527039, vstest.console.dll, MulticastDelegateUtilities.SafeInvoke: TestRun.LogMessages: Invoking callback 1/1 for Microsoft.VisualStudio.TestPlatform.CommandLine.TestRunResultAggregator.TestRunMessageHandler, took 0 ms.
TpTrace Verbose: 0 : 30148, 4, 2022/06/12, 10:44:04.251, 2648917527145, vstest.console.dll, MulticastDelegateUtilities.SafeInvoke: InternalTestLoggerEvents.SendTestRunMessage: Invoking callback 1/1 for Microsoft.VisualStudio.TestPlatform.CommandLine.Internal.ConsoleLogger.TestMessageHandler, took 0 ms.
TpTrace Information: 0 : 30148, 7, 2022/06/12, 10:44:04.251, 2648917527938, vstest.console.dll, TestRunRequest:SendTestRunMessage: Completed.
TpTrace Verbose: 0 : 30148, 7, 2022/06/12, 10:44:04.252, 2648917529317, vstest.console.dll, MulticastDelegateUtilities.SafeInvoke: LengthPrefixCommunicationChannel: MessageReceived: Invoking callback 1/1 for Microsoft.VisualStudio.TestPlatform.CommunicationUtilities.TestRequestSender+<>c__DisplayClass30_0.<StartTestRun>b__1, took 1 ms.
TpTrace Verbose: 0 : 30148, 7, 2022/06/12, 10:44:04.252, 2648917530308, vstest.console.dll, TcpClientExtensions.MessageLoopAsync: Polling on remoteEndPoint: 127.0.0.1:11274 localEndPoint: 127.0.0.1:11273
TpTrace Verbose: 0 : 30148, 7, 2022/06/12, 10:44:04.828, 2648923297506, vstest.console.dll, TcpClientExtensions.MessageLoopAsync: NotifyDataAvailable remoteEndPoint: 127.0.0.1:11274 localEndPoint: 127.0.0.1:11273
TpTrace Verbose: 0 : 30148, 7, 2022/06/12, 10:44:04.829, 2648923300235, vstest.console.dll, TestRequestSender.OnExecutionMessageReceived: Received message: {"Version":5,"MessageType":"TestSession.Message","Payload":{"MessageLevel":0,"Message":"[xUnit.net 00:00:00.58]   Discovering: BankAppTest"}}
TpTrace Verbose: 0 : 30148, 7, 2022/06/12, 10:44:04.829, 2648923302792, vstest.console.dll, TestRunRequest:SendTestRunMessage: Starting.
TpTrace Verbose: 0 : 30148, 7, 2022/06/12, 10:44:04.829, 2648923303764, vstest.console.dll, MulticastDelegateUtilities.SafeInvoke: TestRun.LogMessages: Invoking callback 1/1 for Microsoft.VisualStudio.TestPlatform.CommandLine.TestRunResultAggregator.TestRunMessageHandler, took 0 ms.
TpTrace Information: 0 : 30148, 7, 2022/06/12, 10:44:04.829, 2648923304007, vstest.console.dll, TestRunRequest:SendTestRunMessage: Completed.
TpTrace Verbose: 0 : 30148, 7, 2022/06/12, 10:44:04.829, 2648923304245, vstest.console.dll, MulticastDelegateUtilities.SafeInvoke: LengthPrefixCommunicationChannel: MessageReceived: Invoking callback 1/1 for Microsoft.VisualStudio.TestPlatform.CommunicationUtilities.TestRequestSender+<>c__DisplayClass30_0.<StartTestRun>b__1, took 0 ms.
TpTrace Verbose: 0 : 30148, 4, 2022/06/12, 10:44:04.829, 2648923304189, vstest.console.dll, MulticastDelegateUtilities.SafeInvoke: InternalTestLoggerEvents.SendTestRunMessage: Invoking callback 1/1 for Microsoft.VisualStudio.TestPlatform.CommandLine.Internal.ConsoleLogger.TestMessageHandler, took 0 ms.
TpTrace Verbose: 0 : 30148, 7, 2022/06/12, 10:44:04.829, 2648923304520, vstest.console.dll, TcpClientExtensions.MessageLoopAsync: Polling on remoteEndPoint: 127.0.0.1:11274 localEndPoint: 127.0.0.1:11273
TpTrace Verbose: 0 : 30148, 7, 2022/06/12, 10:44:04.869, 2648923704916, vstest.console.dll, TcpClientExtensions.MessageLoopAsync: NotifyDataAvailable remoteEndPoint: 127.0.0.1:11274 localEndPoint: 127.0.0.1:11273
TpTrace Verbose: 0 : 30148, 7, 2022/06/12, 10:44:04.869, 2648923707061, vstest.console.dll, TestRequestSender.OnExecutionMessageReceived: Received message: {"Version":5,"MessageType":"TestSession.Message","Payload":{"MessageLevel":0,"Message":"[xUnit.net 00:00:00.62]   Discovered:  BankAppTest"}}
TpTrace Verbose: 0 : 30148, 7, 2022/06/12, 10:44:04.870, 2648923709373, vstest.console.dll, TestRunRequest:SendTestRunMessage: Starting.
TpTrace Verbose: 0 : 30148, 7, 2022/06/12, 10:44:04.870, 2648923710434, vstest.console.dll, MulticastDelegateUtilities.SafeInvoke: TestRun.LogMessages: Invoking callback 1/1 for Microsoft.VisualStudio.TestPlatform.CommandLine.TestRunResultAggregator.TestRunMessageHandler, took 0 ms.
TpTrace Verbose: 0 : 30148, 4, 2022/06/12, 10:44:04.870, 2648923710509, vstest.console.dll, MulticastDelegateUtilities.SafeInvoke: InternalTestLoggerEvents.SendTestRunMessage: Invoking callback 1/1 for Microsoft.VisualStudio.TestPlatform.CommandLine.Internal.ConsoleLogger.TestMessageHandler, took 0 ms.
TpTrace Information: 0 : 30148, 7, 2022/06/12, 10:44:04.870, 2648923710919, vstest.console.dll, TestRunRequest:SendTestRunMessage: Completed.
TpTrace Verbose: 0 : 30148, 7, 2022/06/12, 10:44:04.870, 2648923712136, vstest.console.dll, MulticastDelegateUtilities.SafeInvoke: LengthPrefixCommunicationChannel: MessageReceived: Invoking callback 1/1 for Microsoft.VisualStudio.TestPlatform.CommunicationUtilities.TestRequestSender+<>c__DisplayClass30_0.<StartTestRun>b__1, took 0 ms.
TpTrace Verbose: 0 : 30148, 7, 2022/06/12, 10:44:04.870, 2648923712899, vstest.console.dll, TcpClientExtensions.MessageLoopAsync: Polling on remoteEndPoint: 127.0.0.1:11274 localEndPoint: 127.0.0.1:11273
TpTrace Verbose: 0 : 30148, 7, 2022/06/12, 10:44:04.874, 2648923751131, vstest.console.dll, TcpClientExtensions.MessageLoopAsync: NotifyDataAvailable remoteEndPoint: 127.0.0.1:11274 localEndPoint: 127.0.0.1:11273
TpTrace Verbose: 0 : 30148, 7, 2022/06/12, 10:44:04.874, 2648923752913, vstest.console.dll, TestRequestSender.OnExecutionMessageReceived: Received message: {"Version":5,"MessageType":"TestSession.Message","Payload":{"MessageLevel":0,"Message":"[xUnit.net 00:00:00.63]   Starting:    BankAppTest"}}
TpTrace Verbose: 0 : 30148, 7, 2022/06/12, 10:44:04.874, 2648923754774, vstest.console.dll, TestRunRequest:SendTestRunMessage: Starting.
TpTrace Verbose: 0 : 30148, 7, 2022/06/12, 10:44:04.874, 2648923755404, vstest.console.dll, MulticastDelegateUtilities.SafeInvoke: TestRun.LogMessages: Invoking callback 1/1 for Microsoft.VisualStudio.TestPlatform.CommandLine.TestRunResultAggregator.TestRunMessageHandler, took 0 ms.
TpTrace Information: 0 : 30148, 7, 2022/06/12, 10:44:04.874, 2648923755674, vstest.console.dll, TestRunRequest:SendTestRunMessage: Completed.
TpTrace Verbose: 0 : 30148, 7, 2022/06/12, 10:44:04.874, 2648923756086, vstest.console.dll, MulticastDelegateUtilities.SafeInvoke: LengthPrefixCommunicationChannel: MessageReceived: Invoking callback 1/1 for Microsoft.VisualStudio.TestPlatform.CommunicationUtilities.TestRequestSender+<>c__DisplayClass30_0.<StartTestRun>b__1, took 0 ms.
TpTrace Verbose: 0 : 30148, 7, 2022/06/12, 10:44:04.874, 2648923756336, vstest.console.dll, TcpClientExtensions.MessageLoopAsync: Polling on remoteEndPoint: 127.0.0.1:11274 localEndPoint: 127.0.0.1:11273
TpTrace Verbose: 0 : 30148, 4, 2022/06/12, 10:44:04.874, 2648923756309, vstest.console.dll, MulticastDelegateUtilities.SafeInvoke: InternalTestLoggerEvents.SendTestRunMessage: Invoking callback 1/1 for Microsoft.VisualStudio.TestPlatform.CommandLine.Internal.ConsoleLogger.TestMessageHandler, took 0 ms.
TpTrace Verbose: 0 : 30148, 7, 2022/06/12, 10:44:05.011, 2648925127454, vstest.console.dll, TcpClientExtensions.MessageLoopAsync: NotifyDataAvailable remoteEndPoint: 127.0.0.1:11274 localEndPoint: 127.0.0.1:11273
TpTrace Verbose: 0 : 30148, 7, 2022/06/12, 10:44:05.012, 2648925129083, vstest.console.dll, TestRequestSender.OnExecutionMessageReceived: Received message: {"Version":5,"MessageType":"TestSession.Message","Payload":{"MessageLevel":0,"Message":"[xUnit.net 00:00:00.77]   Finished:    BankAppTest"}}
TpTrace Verbose: 0 : 30148, 7, 2022/06/12, 10:44:05.012, 2648925131770, vstest.console.dll, TestRunRequest:SendTestRunMessage: Starting.
TpTrace Verbose: 0 : 30148, 7, 2022/06/12, 10:44:05.012, 2648925132910, vstest.console.dll, MulticastDelegateUtilities.SafeInvoke: TestRun.LogMessages: Invoking callback 1/1 for Microsoft.VisualStudio.TestPlatform.CommandLine.TestRunResultAggregator.TestRunMessageHandler, took 0 ms.
TpTrace Verbose: 0 : 30148, 4, 2022/06/12, 10:44:05.012, 2648925133055, vstest.console.dll, MulticastDelegateUtilities.SafeInvoke: InternalTestLoggerEvents.SendTestRunMessage: Invoking callback 1/1 for Microsoft.VisualStudio.TestPlatform.CommandLine.Internal.ConsoleLogger.TestMessageHandler, took 0 ms.
TpTrace Information: 0 : 30148, 7, 2022/06/12, 10:44:05.012, 2648925133747, vstest.console.dll, TestRunRequest:SendTestRunMessage: Completed.
TpTrace Verbose: 0 : 30148, 7, 2022/06/12, 10:44:05.012, 2648925135095, vstest.console.dll, MulticastDelegateUtilities.SafeInvoke: LengthPrefixCommunicationChannel: MessageReceived: Invoking callback 1/1 for Microsoft.VisualStudio.TestPlatform.CommunicationUtilities.TestRequestSender+<>c__DisplayClass30_0.<StartTestRun>b__1, took 0 ms.
TpTrace Verbose: 0 : 30148, 7, 2022/06/12, 10:44:05.012, 2648925135499, vstest.console.dll, TcpClientExtensions.MessageLoopAsync: Polling on remoteEndPoint: 127.0.0.1:11274 localEndPoint: 127.0.0.1:11273
TpTrace Verbose: 0 : 30148, 7, 2022/06/12, 10:44:05.072, 2648925728951, vstest.console.dll, TcpClientExtensions.MessageLoopAsync: NotifyDataAvailable remoteEndPoint: 127.0.0.1:11274 localEndPoint: 127.0.0.1:11273
TpTrace Verbose: 0 : 30148, 7, 2022/06/12, 10:44:05.072, 2648925733203, vstest.console.dll, TestRequestSender.OnExecutionMessageReceived: Received message: {"Version":5,"MessageType":"TestExecution.Completed","Payload":{"TestRunCompleteArgs":{"TestRunStatistics":{"ExecutedTests":4,"Stats":{"Passed":4}},"IsCanceled":false,"IsAborted":false,"Error":null,"AttachmentSets":[],"ElapsedTimeInRunningTests":"00:00:00.7826877","Metrics":{}},"LastRunTests":{"NewTestResults":[{"TestCase":{"Id":"85c0a55e-b1a0-bdfe-ccd1-758220ea2dcb","FullyQualifiedName":"BankAppTest.BankAppTest.GetAccountNumberByNameTest","DisplayName":"BankAppTest.BankAppTest.GetAccountNumberByNameTest","ExecutorUri":"executor://xunit/VsTestRunner2/netcoreapp","Source":"C:\\Users\\Decagon\\source\\repos\\BankTaskApp\\BankAppTest\\bin\\Debug\\net5.0\\fine-code-coverage\\build-output\\BankAppTest.dll","CodeFilePath":null,"LineNumber":0,"Properties":[]},"Attachments":[],"Outcome":1,"ErrorMessage":null,"ErrorStackTrace":null,"DisplayName":"BankAppTest.BankAppTest.GetAccountNumberByNameTest","Messages":[],"ComputerName":"LAPTOP-OKIKVU38","Duration":"00:00:00.0102915","StartTime":"2022-06-12T09:44:04.9752832+00:00","EndTime":"2022-06-12T09:44:04.9753191+00:00","Properties":[]},{"TestCase":{"Id":"8e6b5b99-7018-2733-747c-fc04b494ec48","FullyQualifiedName":"BankAppTest.BankAppTest.GetCreateBankAccountTest","DisplayName":"BankAppTest.BankAppTest.GetCreateBankAccountTest","ExecutorUri":"executor://xunit/VsTestRunner2/netcoreapp","Source":"C:\\Users\\Decagon\\source\\repos\\BankTaskApp\\BankAppTest\\bin\\Debug\\net5.0\\fine-code-coverage\\build-output\\BankAppTest.dll","CodeFilePath":null,"LineNumber":0,"Properties":[]},"Attachments":[],"Outcome":1,"ErrorMessage":null,"ErrorStackTrace":null,"DisplayName":"BankAppTest.BankAppTest.GetCreateBankAccountTest","Messages":[],"ComputerName":"LAPTOP-OKIKVU38","Duration":"00:00:00.0023311","StartTime":"2022-06-12T09:44:05.0020241+00:00","EndTime":"2022-06-12T09:44:05.002027+00:00","Properties":[]},{"TestCase":{"Id":"8ef90724-85d9-d338-ba0c-2ee327b5e0af","FullyQualifiedName":"BankAppTest.BankAppTest.CustomerDBTest","DisplayName":"BankAppTest.BankAppTest.CustomerDBTest","ExecutorUri":"executor://xunit/VsTestRunner2/netcoreapp","Source":"C:\\Users\\Decagon\\source\\repos\\BankTaskApp\\BankAppTest\\bin\\Debug\\net5.0\\fine-code-coverage\\build-output\\BankAppTest.dll","CodeFilePath":null,"LineNumber":0,"Properties":[]},"Attachments":[],"Outcome":1,"ErrorMessage":null,"ErrorStackTrace":null,"DisplayName":"BankAppTest.BankAppTest.CustomerDBTest","Messages":[],"ComputerName":"LAPTOP-OKIKVU38","Duration":"00:00:00.0039446","StartTime":"2022-06-12T09:44:05.0045678+00:00","EndTime":"2022-06-12T09:44:05.0045694+00:00","Properties":[]},{"TestCase":{"Id":"83e79f62-53f7-1654-87d9-bae219bfc82d","FullyQualifiedName":"BankAppTest.BankAppTest.TraansactionDBTest","DisplayName":"BankAppTest.BankAppTest.TraansactionDBTest","ExecutorUri":"executor://xunit/VsTestRunner2/netcoreapp","Source":"C:\\Users\\Decagon\\source\\repos\\BankTaskApp\\BankAppTest\\bin\\Debug\\net5.0\\fine-code-coverage\\build-output\\BankAppTest.dll","CodeFilePath":null,"LineNumber":0,"Properties":[]},"Attachments":[],"Outcome":1,"ErrorMessage":null,"ErrorStackTrace":null,"DisplayName":"BankAppTest.BankAppTest.TraansactionDBTest","Messages":[],"ComputerName":"LAPTOP-OKIKVU38","Duration":"00:00:00.0013507","StartTime":"2022-06-12T09:44:05.0084179+00:00","EndTime":"2022-06-12T09:44:05.0084201+00:00","Properties":[]}],"TestRunStatistics":{"ExecutedTests":4,"Stats":{"Passed":4}},"ActiveTests":[]},"RunAttachments":[],"ExecutorUris":["executor://xunit/VsTestRunner2/netcoreapp"]}}
TpTrace Verbose: 0 : 30148, 7, 2022/06/12, 10:44:05.075, 2648925760482, vstest.console.dll, TestRequestSender.EndSession: Sending end session.
TpTrace Verbose: 0 : 30148, 7, 2022/06/12, 10:44:05.075, 2648925762803, vstest.console.dll, ProxyOperationManager.Close: waiting for test host to exit for 100 ms
TpTrace Warning: 0 : 30148, 11, 2022/06/12, 10:44:05.128, 2648926290602, vstest.console.dll, TestHostManagerCallbacks.ErrorReceivedCallback Test host standard error line: 
TpTrace Verbose: 0 : 30148, 11, 2022/06/12, 10:44:05.145, 2648926462819, vstest.console.dll, TestHostProvider.ExitCallBack: Host exited starting callback.
TpTrace Information: 0 : 30148, 11, 2022/06/12, 10:44:05.146, 2648926468763, vstest.console.dll, TestHostManagerCallbacks.ExitCallBack: Testhost processId: 27964 exited with exitcode: 0 error: ''
TpTrace Verbose: 0 : 30148, 11, 2022/06/12, 10:44:05.146, 2648926469951, vstest.console.dll, DotnetTestHostManager.OnHostExited: invoking OnHostExited callback
TpTrace Verbose: 0 : 30148, 11, 2022/06/12, 10:44:05.146, 2648926471024, vstest.console.dll, CrossPlatEngine.TestHostManagerHostExited: calling on client process exit callback.
TpTrace Information: 0 : 30148, 11, 2022/06/12, 10:44:05.146, 2648926471573, vstest.console.dll, TestRequestSender.OnClientProcessExit: Test host process exited. Standard error: 
TpTrace Information: 0 : 30148, 11, 2022/06/12, 10:44:05.146, 2648926472412, vstest.console.dll, SocketServer.Stop: Stop server endPoint: 127.0.0.1:11273
TpTrace Information: 0 : 30148, 11, 2022/06/12, 10:44:05.146, 2648926472703, vstest.console.dll, SocketServer.Stop: Cancellation requested. Stopping message loop.
TpTrace Information: 0 : 30148, 7, 2022/06/12, 10:44:05.146, 2648926472782, vstest.console.dll, SocketServer.Stop: Stop server endPoint: 127.0.0.1:11273
TpTrace Information: 0 : 30148, 7, 2022/06/12, 10:44:05.146, 2648926473339, vstest.console.dll, SocketServer.Stop: Cancellation requested. Stopping message loop.
TpTrace Information: 0 : 30148, 7, 2022/06/12, 10:44:05.146, 2648926473689, vstest.console.dll, Closing the connection
TpTrace Verbose: 0 : 30148, 11, 2022/06/12, 10:44:05.146, 2648926474572, vstest.console.dll, MulticastDelegateUtilities.SafeInvoke: HostProviderEvents.OnHostExited: Invoking callback 1/1 for Microsoft.VisualStudio.TestPlatform.CrossPlatEngine.Client.ProxyOperationManager.TestHostManagerHostExited, took 0 ms.
TpTrace Verbose: 0 : 30148, 7, 2022/06/12, 10:44:05.146, 2648926477468, vstest.console.dll, ProxyDataCollectionManager.InvokeDataCollectionServiceAction: Starting.
TpTrace Information: 0 : 30148, 7, 2022/06/12, 10:44:05.146, 2648926477911, vstest.console.dll, ProxyDataCollectionManager.AfterTestRunEnd: Get attachment set and invoked data collectors processId: 24532 port: 11270
TpTrace Verbose: 0 : 30148, 7, 2022/06/12, 10:44:05.146, 2648926478267, vstest.console.dll, DataCollectionRequestSender.SendAfterTestRunStartAndGetResult: Send AfterTestRunEnd message with isCancelled: False
TpTrace Verbose: 0 : 30148, 7, 2022/06/12, 10:44:05.156, 2648926577833, vstest.console.dll, DataCollectionRequestSender.SendAfterTestRunStartAndGetResult: Received message: (DataCollection.AfterTestRunEndResult) -> {
  "AttachmentSets": [],
  "InvokedDataCollectors": [
    {
      "Uri": "datacollector://Microsoft/TestPlatform/Extensions/Blame/v1",
      "FriendlyName": "Blame",
      "AssemblyQualifiedName": "Microsoft.TestPlatform.Extensions.BlameDataCollector.BlameCollector, Microsoft.TestPlatform.Extensions.BlameDataCollector, Version=15.0.0.0, Culture=neutral, PublicKeyToken=b03f5f7f11d50a3a",
      "FilePath": "C:\\Program Files\\dotnet\\sdk\\6.0.300\\Extensions\\Microsoft.TestPlatform.Extensions.BlameDataCollector.dll",
      "HasAttachmentProcessor": false
    }
  ],
  "Metrics": {}
}
TpTrace Information: 0 : 30148, 7, 2022/06/12, 10:44:05.164, 2648926651630, vstest.console.dll, ProxyDataCollectionManager.InvokeDataCollectionServiceAction: Completed.
TpTrace Warning: 0 : 30148, 10, 2022/06/12, 10:44:05.187, 2648926885641, vstest.console.dll, DataCollectionLauncher.ErrorReceivedCallback datacollector standard error line: 
TpTrace Information: 0 : 30148, 10, 2022/06/12, 10:44:05.196, 2648926972428, vstest.console.dll, DataCollectionLauncher.ExitCallBack: Data collector exited with exitcode: 0 error: ''
TpTrace Verbose: 0 : 30148, 7, 2022/06/12, 10:44:05.230, 2648927312079, vstest.console.dll, TestRunRequest:SendTestRunStatsChange: Starting.
TpTrace Verbose: 0 : 30148, 7, 2022/06/12, 10:44:05.230, 2648927315661, vstest.console.dll, MulticastDelegateUtilities.SafeInvoke: TestRun.RunStatsChanged: Invoking callbacks was skipped because there are no subscribers.
TpTrace Information: 0 : 30148, 7, 2022/06/12, 10:44:05.230, 2648927316145, vstest.console.dll, TestRunRequest:SendTestRunStatsChange: Completed.
TpTrace Verbose: 0 : 30148, 7, 2022/06/12, 10:44:05.231, 2648927318797, vstest.console.dll, ParallelProxyExecutionManager: HandlePartialRunComplete: Total completed clients = 1, Run complete = True, Run canceled: False.
TpTrace Verbose: 0 : 30148, 4, 2022/06/12, 10:44:05.235, 2648927361496, vstest.console.dll, MulticastDelegateUtilities.SafeInvoke: InternalTestLoggerEvents.SendTestResult: Invoking callback 1/1 for Microsoft.VisualStudio.TestPlatform.CommandLine.Internal.ConsoleLogger.TestResultHandler, took 4 ms.
TpTrace Verbose: 0 : 30148, 4, 2022/06/12, 10:44:05.235, 2648927363859, vstest.console.dll, MulticastDelegateUtilities.SafeInvoke: InternalTestLoggerEvents.SendTestResult: Invoking callback 1/1 for Microsoft.VisualStudio.TestPlatform.CommandLine.Internal.ConsoleLogger.TestResultHandler, took 0 ms.
TpTrace Verbose: 0 : 30148, 4, 2022/06/12, 10:44:05.235, 2648927364768, vstest.console.dll, MulticastDelegateUtilities.SafeInvoke: InternalTestLoggerEvents.SendTestResult: Invoking callback 1/1 for Microsoft.VisualStudio.TestPlatform.CommandLine.Internal.ConsoleLogger.TestResultHandler, took 0 ms.
TpTrace Verbose: 0 : 30148, 4, 2022/06/12, 10:44:05.235, 2648927365475, vstest.console.dll, MulticastDelegateUtilities.SafeInvoke: InternalTestLoggerEvents.SendTestResult: Invoking callback 1/1 for Microsoft.VisualStudio.TestPlatform.CommandLine.Internal.ConsoleLogger.TestResultHandler, took 0 ms.
TpTrace Verbose: 0 : 30148, 4, 2022/06/12, 10:44:05.247, 2648927480643, vstest.console.dll, MulticastDelegateUtilities.SafeInvoke: InternalTestLoggerEvents.SendTestRunComplete: Invoking callback 1/2 for Microsoft.TestPlatform.Extensions.BlameDataCollector.BlameLogger.TestRunCompleteHandler, took 0 ms.
TpTrace Verbose: 0 : 30148, 4, 2022/06/12, 10:44:05.253, 2648927544965, vstest.console.dll, MulticastDelegateUtilities.SafeInvoke: InternalTestLoggerEvents.SendTestRunComplete: Invoking callback 2/2 for Microsoft.VisualStudio.TestPlatform.CommandLine.Internal.ConsoleLogger.TestRunCompleteHandler, took 6 ms.
TpTrace Verbose: 0 : 30148, 7, 2022/06/12, 10:44:05.253, 2648927548293, vstest.console.dll, TestRunRequest:TestRunComplete: Starting. IsAborted:False IsCanceled:False.
TpTrace Verbose: 0 : 30148, 7, 2022/06/12, 10:44:05.254, 2648927555836, vstest.console.dll, TestLoggerManager.HandleTestRunComplete: Ignoring as the object is disposed.
TpTrace Verbose: 0 : 30148, 7, 2022/06/12, 10:44:05.255, 2648927558544, vstest.console.dll, MulticastDelegateUtilities.SafeInvoke: TestRun.TestRunComplete: Invoking callback 1/2 for Microsoft.VisualStudio.TestPlatform.CommandLine.TestRunResultAggregator.TestRunCompletionHandler, took 0 ms.
TpTrace Verbose: 0 : 30148, 7, 2022/06/12, 10:44:05.255, 2648927559411, vstest.console.dll, MulticastDelegateUtilities.SafeInvoke: TestRun.TestRunComplete: Invoking callback 2/2 for Microsoft.VisualStudio.TestPlatform.CommandLine.Processors.RunTestsArgumentExecutor+TestRunRequestEventsRegistrar.TestRunRequest_OnRunCompletion, took 0 ms.
TpTrace Information: 0 : 30148, 7, 2022/06/12, 10:44:05.255, 2648927560415, vstest.console.dll, TestRunRequest:TestRunComplete: Completed.
TpTrace Verbose: 0 : 30148, 7, 2022/06/12, 10:44:05.255, 2648927560837, vstest.console.dll, TestRequestSender.SetOperationComplete: Setting operation complete.
TpTrace Verbose: 0 : 30148, 1, 2022/06/12, 10:44:05.255, 2648927560909, vstest.console.dll, TestRunRequest.Dispose: Starting.
TpTrace Information: 0 : 30148, 7, 2022/06/12, 10:44:05.255, 2648927561199, vstest.console.dll, SocketServer.Stop: Stop server endPoint: 127.0.0.1:11273
TpTrace Information: 0 : 30148, 1, 2022/06/12, 10:44:05.255, 2648927562031, vstest.console.dll, TestRunRequest.Dispose: Completed.
TpTrace Information: 0 : 30148, 1, 2022/06/12, 10:44:05.255, 2648927563022, vstest.console.dll, TestRequestManager.RunTests: run tests completed.
TpTrace Information: 0 : 30148, 7, 2022/06/12, 10:44:05.255, 2648927562852, vstest.console.dll, SocketServer.Stop: Cancellation requested. Stopping message loop.
TpTrace Information: 0 : 30148, 1, 2022/06/12, 10:44:05.255, 2648927563906, vstest.console.dll, RunTestsArgumentProcessor:Execute: Test run is completed.
TpTrace Verbose: 0 : 30148, 7, 2022/06/12, 10:44:05.255, 2648927564656, vstest.console.dll, MulticastDelegateUtilities.SafeInvoke: LengthPrefixCommunicationChannel: MessageReceived: Invoking callback 1/1 for Microsoft.VisualStudio.TestPlatform.CommunicationUtilities.TestRequestSender+<>c__DisplayClass30_0.<StartTestRun>b__1, took 183 ms.
TpTrace Information: 0 : 30148, 7, 2022/06/12, 10:44:05.255, 2648927565921, vstest.console.dll, SocketServer.PrivateStop: Stopping server endPoint: 127.0.0.1:11273 error: 
TpTrace Verbose: 0 : 30148, 1, 2022/06/12, 10:44:05.255, 2648927566362, vstest.console.dll, Executor.Execute: Exiting with exit code of 0
